<?xml version="1.0" encoding="UTF-8"?>
<testsuite xmlns:xsi="http://www.w3.org/2001/XMLSchema-instance" xsi:noNamespaceSchemaLocation="https://maven.apache.org/surefire/maven-surefire-plugin/xsd/surefire-test-report.xsd" name="cz.cvut.kbss.ear.race.dao.RaceDaoTest" time="2.803" tests="1" errors="1" skipped="0" failures="0">
  <properties>
    <property name="sun.desktop" value="windows"/>
    <property name="awt.toolkit" value="sun.awt.windows.WToolkit"/>
    <property name="file.encoding.pkg" value="sun.io"/>
    <property name="java.specification.version" value="1.8"/>
    <property name="sun.cpu.isalist" value="amd64"/>
    <property name="sun.jnu.encoding" value="Cp1250"/>
    <property name="java.class.path" value="E:\School\Bc\bakalarka\appka\pradaluk\target\test-classes;E:\School\Bc\bakalarka\appka\pradaluk\target\classes;C:\Users\prada\.m2\repository\org\springframework\boot\spring-boot-starter-web\2.3.3.RELEASE\spring-boot-starter-web-2.3.3.RELEASE.jar;C:\Users\prada\.m2\repository\org\springframework\boot\spring-boot-starter\2.3.3.RELEASE\spring-boot-starter-2.3.3.RELEASE.jar;C:\Users\prada\.m2\repository\org\springframework\boot\spring-boot\2.3.3.RELEASE\spring-boot-2.3.3.RELEASE.jar;C:\Users\prada\.m2\repository\org\springframework\boot\spring-boot-autoconfigure\2.3.3.RELEASE\spring-boot-autoconfigure-2.3.3.RELEASE.jar;C:\Users\prada\.m2\repository\org\springframework\boot\spring-boot-starter-logging\2.3.3.RELEASE\spring-boot-starter-logging-2.3.3.RELEASE.jar;C:\Users\prada\.m2\repository\org\apache\logging\log4j\log4j-to-slf4j\2.13.3\log4j-to-slf4j-2.13.3.jar;C:\Users\prada\.m2\repository\org\apache\logging\log4j\log4j-api\2.13.3\log4j-api-2.13.3.jar;C:\Users\prada\.m2\repository\org\slf4j\jul-to-slf4j\1.7.30\jul-to-slf4j-1.7.30.jar;C:\Users\prada\.m2\repository\jakarta\annotation\jakarta.annotation-api\1.3.5\jakarta.annotation-api-1.3.5.jar;C:\Users\prada\.m2\repository\org\yaml\snakeyaml\1.26\snakeyaml-1.26.jar;C:\Users\prada\.m2\repository\org\springframework\boot\spring-boot-starter-json\2.3.3.RELEASE\spring-boot-starter-json-2.3.3.RELEASE.jar;C:\Users\prada\.m2\repository\com\fasterxml\jackson\datatype\jackson-datatype-jdk8\2.11.2\jackson-datatype-jdk8-2.11.2.jar;C:\Users\prada\.m2\repository\com\fasterxml\jackson\datatype\jackson-datatype-jsr310\2.11.2\jackson-datatype-jsr310-2.11.2.jar;C:\Users\prada\.m2\repository\com\fasterxml\jackson\module\jackson-module-parameter-names\2.11.2\jackson-module-parameter-names-2.11.2.jar;C:\Users\prada\.m2\repository\org\springframework\boot\spring-boot-starter-tomcat\2.3.3.RELEASE\spring-boot-starter-tomcat-2.3.3.RELEASE.jar;C:\Users\prada\.m2\repository\org\apache\tomcat\embed\tomcat-embed-core\9.0.37\tomcat-embed-core-9.0.37.jar;C:\Users\prada\.m2\repository\org\glassfish\jakarta.el\3.0.3\jakarta.el-3.0.3.jar;C:\Users\prada\.m2\repository\org\apache\tomcat\embed\tomcat-embed-websocket\9.0.37\tomcat-embed-websocket-9.0.37.jar;C:\Users\prada\.m2\repository\org\springframework\spring-web\5.2.8.RELEASE\spring-web-5.2.8.RELEASE.jar;C:\Users\prada\.m2\repository\org\springframework\spring-webmvc\5.2.8.RELEASE\spring-webmvc-5.2.8.RELEASE.jar;C:\Users\prada\.m2\repository\org\springframework\boot\spring-boot-starter-data-jpa\2.3.3.RELEASE\spring-boot-starter-data-jpa-2.3.3.RELEASE.jar;C:\Users\prada\.m2\repository\org\springframework\boot\spring-boot-starter-aop\2.3.3.RELEASE\spring-boot-starter-aop-2.3.3.RELEASE.jar;C:\Users\prada\.m2\repository\org\aspectj\aspectjweaver\1.9.6\aspectjweaver-1.9.6.jar;C:\Users\prada\.m2\repository\org\springframework\boot\spring-boot-starter-jdbc\2.3.3.RELEASE\spring-boot-starter-jdbc-2.3.3.RELEASE.jar;C:\Users\prada\.m2\repository\com\zaxxer\HikariCP\3.4.5\HikariCP-3.4.5.jar;C:\Users\prada\.m2\repository\org\springframework\spring-jdbc\5.2.8.RELEASE\spring-jdbc-5.2.8.RELEASE.jar;C:\Users\prada\.m2\repository\jakarta\transaction\jakarta.transaction-api\1.3.3\jakarta.transaction-api-1.3.3.jar;C:\Users\prada\.m2\repository\jakarta\persistence\jakarta.persistence-api\2.2.3\jakarta.persistence-api-2.2.3.jar;C:\Users\prada\.m2\repository\org\springframework\data\spring-data-jpa\2.3.3.RELEASE\spring-data-jpa-2.3.3.RELEASE.jar;C:\Users\prada\.m2\repository\org\springframework\data\spring-data-commons\2.3.3.RELEASE\spring-data-commons-2.3.3.RELEASE.jar;C:\Users\prada\.m2\repository\org\springframework\spring-orm\5.2.8.RELEASE\spring-orm-5.2.8.RELEASE.jar;C:\Users\prada\.m2\repository\org\springframework\spring-tx\5.2.8.RELEASE\spring-tx-5.2.8.RELEASE.jar;C:\Users\prada\.m2\repository\org\springframework\spring-aspects\5.2.8.RELEASE\spring-aspects-5.2.8.RELEASE.jar;C:\Users\prada\.m2\repository\org\eclipse\persistence\org.eclipse.persistence.jpa\2.7.7\org.eclipse.persistence.jpa-2.7.7.jar;C:\Users\prada\.m2\repository\org\eclipse\persistence\jakarta.persistence\2.2.3\jakarta.persistence-2.2.3.jar;C:\Users\prada\.m2\repository\org\eclipse\persistence\org.eclipse.persistence.asm\2.7.7\org.eclipse.persistence.asm-2.7.7.jar;C:\Users\prada\.m2\repository\org\eclipse\persistence\org.eclipse.persistence.antlr\2.7.7\org.eclipse.persistence.antlr-2.7.7.jar;C:\Users\prada\.m2\repository\org\eclipse\persistence\org.eclipse.persistence.jpa.jpql\2.7.7\org.eclipse.persistence.jpa.jpql-2.7.7.jar;C:\Users\prada\.m2\repository\org\eclipse\persistence\org.eclipse.persistence.core\2.7.7\org.eclipse.persistence.core-2.7.7.jar;C:\Users\prada\.m2\repository\org\postgresql\postgresql\42.2.14\postgresql-42.2.14.jar;C:\Users\prada\.m2\repository\org\springframework\boot\spring-boot-starter-security\2.3.3.RELEASE\spring-boot-starter-security-2.3.3.RELEASE.jar;C:\Users\prada\.m2\repository\org\springframework\spring-aop\5.2.8.RELEASE\spring-aop-5.2.8.RELEASE.jar;C:\Users\prada\.m2\repository\org\springframework\security\spring-security-config\5.3.4.RELEASE\spring-security-config-5.3.4.RELEASE.jar;C:\Users\prada\.m2\repository\org\slf4j\slf4j-api\1.7.30\slf4j-api-1.7.30.jar;C:\Users\prada\.m2\repository\ch\qos\logback\logback-core\1.2.3\logback-core-1.2.3.jar;C:\Users\prada\.m2\repository\ch\qos\logback\logback-classic\1.2.3\logback-classic-1.2.3.jar;C:\Users\prada\.m2\repository\org\springframework\boot\spring-boot-starter-test\2.3.3.RELEASE\spring-boot-starter-test-2.3.3.RELEASE.jar;C:\Users\prada\.m2\repository\org\springframework\boot\spring-boot-test\2.3.3.RELEASE\spring-boot-test-2.3.3.RELEASE.jar;C:\Users\prada\.m2\repository\org\springframework\boot\spring-boot-test-autoconfigure\2.3.3.RELEASE\spring-boot-test-autoconfigure-2.3.3.RELEASE.jar;C:\Users\prada\.m2\repository\com\jayway\jsonpath\json-path\2.4.0\json-path-2.4.0.jar;C:\Users\prada\.m2\repository\net\minidev\json-smart\2.3\json-smart-2.3.jar;C:\Users\prada\.m2\repository\net\minidev\accessors-smart\1.2\accessors-smart-1.2.jar;C:\Users\prada\.m2\repository\org\ow2\asm\asm\5.0.4\asm-5.0.4.jar;C:\Users\prada\.m2\repository\jakarta\xml\bind\jakarta.xml.bind-api\2.3.3\jakarta.xml.bind-api-2.3.3.jar;C:\Users\prada\.m2\repository\jakarta\activation\jakarta.activation-api\1.2.2\jakarta.activation-api-1.2.2.jar;C:\Users\prada\.m2\repository\org\assertj\assertj-core\3.16.1\assertj-core-3.16.1.jar;C:\Users\prada\.m2\repository\org\hamcrest\hamcrest\2.2\hamcrest-2.2.jar;C:\Users\prada\.m2\repository\org\junit\jupiter\junit-jupiter\5.6.2\junit-jupiter-5.6.2.jar;C:\Users\prada\.m2\repository\org\junit\jupiter\junit-jupiter-api\5.6.2\junit-jupiter-api-5.6.2.jar;C:\Users\prada\.m2\repository\org\opentest4j\opentest4j\1.2.0\opentest4j-1.2.0.jar;C:\Users\prada\.m2\repository\org\junit\platform\junit-platform-commons\1.6.2\junit-platform-commons-1.6.2.jar;C:\Users\prada\.m2\repository\org\junit\jupiter\junit-jupiter-params\5.6.2\junit-jupiter-params-5.6.2.jar;C:\Users\prada\.m2\repository\org\junit\jupiter\junit-jupiter-engine\5.6.2\junit-jupiter-engine-5.6.2.jar;C:\Users\prada\.m2\repository\org\junit\vintage\junit-vintage-engine\5.6.2\junit-vintage-engine-5.6.2.jar;C:\Users\prada\.m2\repository\org\apiguardian\apiguardian-api\1.1.0\apiguardian-api-1.1.0.jar;C:\Users\prada\.m2\repository\org\junit\platform\junit-platform-engine\1.6.2\junit-platform-engine-1.6.2.jar;C:\Users\prada\.m2\repository\junit\junit\4.13\junit-4.13.jar;C:\Users\prada\.m2\repository\org\mockito\mockito-core\3.3.3\mockito-core-3.3.3.jar;C:\Users\prada\.m2\repository\net\bytebuddy\byte-buddy\1.10.14\byte-buddy-1.10.14.jar;C:\Users\prada\.m2\repository\net\bytebuddy\byte-buddy-agent\1.10.14\byte-buddy-agent-1.10.14.jar;C:\Users\prada\.m2\repository\org\objenesis\objenesis\2.6\objenesis-2.6.jar;C:\Users\prada\.m2\repository\org\mockito\mockito-junit-jupiter\3.3.3\mockito-junit-jupiter-3.3.3.jar;C:\Users\prada\.m2\repository\org\skyscreamer\jsonassert\1.5.0\jsonassert-1.5.0.jar;C:\Users\prada\.m2\repository\com\vaadin\external\google\android-json\0.0.20131108.vaadin1\android-json-0.0.20131108.vaadin1.jar;C:\Users\prada\.m2\repository\org\springframework\spring-core\5.2.8.RELEASE\spring-core-5.2.8.RELEASE.jar;C:\Users\prada\.m2\repository\org\springframework\spring-jcl\5.2.8.RELEASE\spring-jcl-5.2.8.RELEASE.jar;C:\Users\prada\.m2\repository\org\springframework\spring-test\5.2.8.RELEASE\spring-test-5.2.8.RELEASE.jar;C:\Users\prada\.m2\repository\org\xmlunit\xmlunit-core\2.7.0\xmlunit-core-2.7.0.jar;C:\Users\prada\.m2\repository\org\springframework\security\spring-security-test\5.3.4.RELEASE\spring-security-test-5.3.4.RELEASE.jar;C:\Users\prada\.m2\repository\com\h2database\h2\1.4.200\h2-1.4.200.jar;C:\Users\prada\.m2\repository\org\apache\httpcomponents\httpclient\4.5.12\httpclient-4.5.12.jar;C:\Users\prada\.m2\repository\org\apache\httpcomponents\httpcore\4.4.13\httpcore-4.4.13.jar;C:\Users\prada\.m2\repository\commons-codec\commons-codec\1.14\commons-codec-1.14.jar;C:\Users\prada\.m2\repository\org\springframework\security\spring-security-core\5.3.4.RELEASE\spring-security-core-5.3.4.RELEASE.jar;C:\Users\prada\.m2\repository\org\springframework\spring-beans\5.2.8.RELEASE\spring-beans-5.2.8.RELEASE.jar;C:\Users\prada\.m2\repository\org\springframework\spring-context\5.2.8.RELEASE\spring-context-5.2.8.RELEASE.jar;C:\Users\prada\.m2\repository\org\springframework\spring-expression\5.2.8.RELEASE\spring-expression-5.2.8.RELEASE.jar;C:\Users\prada\.m2\repository\org\springframework\security\spring-security-web\5.3.4.RELEASE\spring-security-web-5.3.4.RELEASE.jar;C:\Users\prada\.m2\repository\commons-dbcp\commons-dbcp\1.2.2\commons-dbcp-1.2.2.jar;C:\Users\prada\.m2\repository\commons-pool\commons-pool\1.6\commons-pool-1.6.jar;C:\Users\prada\.m2\repository\com\fasterxml\jackson\core\jackson-databind\2.11.2\jackson-databind-2.11.2.jar;C:\Users\prada\.m2\repository\com\fasterxml\jackson\core\jackson-annotations\2.11.2\jackson-annotations-2.11.2.jar;C:\Users\prada\.m2\repository\com\fasterxml\jackson\core\jackson-core\2.11.2\jackson-core-2.11.2.jar;C:\Users\prada\.m2\repository\javax\validation\validation-api\2.0.1.Final\validation-api-2.0.1.Final.jar;"/>
    <property name="java.vm.vendor" value="Amazon.com Inc."/>
    <property name="sun.arch.data.model" value="64"/>
    <property name="user.variant" value=""/>
    <property name="java.vendor.url" value="https://aws.amazon.com/corretto/"/>
    <property name="user.timezone" value="Europe/Prague"/>
    <property name="java.vm.specification.version" value="1.8"/>
    <property name="os.name" value="Windows 10"/>
    <property name="user.country" value="CZ"/>
    <property name="sun.java.launcher" value="SUN_STANDARD"/>
    <property name="sun.boot.library.path" value="C:\Users\prada\.jdks\corretto-1.8.0_322\jre\bin"/>
    <property name="sun.java.command" value="C:\Users\prada\AppData\Local\Temp\surefire2712271782687338390\surefirebooter6088704646787102407.jar C:\Users\prada\AppData\Local\Temp\surefire2712271782687338390 2022-05-20T11-44-38_818-jvmRun1 surefire6325768524195256821tmp surefire_09002209092895520470tmp"/>
    <property name="surefire.test.class.path" value="E:\School\Bc\bakalarka\appka\pradaluk\target\test-classes;E:\School\Bc\bakalarka\appka\pradaluk\target\classes;C:\Users\prada\.m2\repository\org\springframework\boot\spring-boot-starter-web\2.3.3.RELEASE\spring-boot-starter-web-2.3.3.RELEASE.jar;C:\Users\prada\.m2\repository\org\springframework\boot\spring-boot-starter\2.3.3.RELEASE\spring-boot-starter-2.3.3.RELEASE.jar;C:\Users\prada\.m2\repository\org\springframework\boot\spring-boot\2.3.3.RELEASE\spring-boot-2.3.3.RELEASE.jar;C:\Users\prada\.m2\repository\org\springframework\boot\spring-boot-autoconfigure\2.3.3.RELEASE\spring-boot-autoconfigure-2.3.3.RELEASE.jar;C:\Users\prada\.m2\repository\org\springframework\boot\spring-boot-starter-logging\2.3.3.RELEASE\spring-boot-starter-logging-2.3.3.RELEASE.jar;C:\Users\prada\.m2\repository\org\apache\logging\log4j\log4j-to-slf4j\2.13.3\log4j-to-slf4j-2.13.3.jar;C:\Users\prada\.m2\repository\org\apache\logging\log4j\log4j-api\2.13.3\log4j-api-2.13.3.jar;C:\Users\prada\.m2\repository\org\slf4j\jul-to-slf4j\1.7.30\jul-to-slf4j-1.7.30.jar;C:\Users\prada\.m2\repository\jakarta\annotation\jakarta.annotation-api\1.3.5\jakarta.annotation-api-1.3.5.jar;C:\Users\prada\.m2\repository\org\yaml\snakeyaml\1.26\snakeyaml-1.26.jar;C:\Users\prada\.m2\repository\org\springframework\boot\spring-boot-starter-json\2.3.3.RELEASE\spring-boot-starter-json-2.3.3.RELEASE.jar;C:\Users\prada\.m2\repository\com\fasterxml\jackson\datatype\jackson-datatype-jdk8\2.11.2\jackson-datatype-jdk8-2.11.2.jar;C:\Users\prada\.m2\repository\com\fasterxml\jackson\datatype\jackson-datatype-jsr310\2.11.2\jackson-datatype-jsr310-2.11.2.jar;C:\Users\prada\.m2\repository\com\fasterxml\jackson\module\jackson-module-parameter-names\2.11.2\jackson-module-parameter-names-2.11.2.jar;C:\Users\prada\.m2\repository\org\springframework\boot\spring-boot-starter-tomcat\2.3.3.RELEASE\spring-boot-starter-tomcat-2.3.3.RELEASE.jar;C:\Users\prada\.m2\repository\org\apache\tomcat\embed\tomcat-embed-core\9.0.37\tomcat-embed-core-9.0.37.jar;C:\Users\prada\.m2\repository\org\glassfish\jakarta.el\3.0.3\jakarta.el-3.0.3.jar;C:\Users\prada\.m2\repository\org\apache\tomcat\embed\tomcat-embed-websocket\9.0.37\tomcat-embed-websocket-9.0.37.jar;C:\Users\prada\.m2\repository\org\springframework\spring-web\5.2.8.RELEASE\spring-web-5.2.8.RELEASE.jar;C:\Users\prada\.m2\repository\org\springframework\spring-webmvc\5.2.8.RELEASE\spring-webmvc-5.2.8.RELEASE.jar;C:\Users\prada\.m2\repository\org\springframework\boot\spring-boot-starter-data-jpa\2.3.3.RELEASE\spring-boot-starter-data-jpa-2.3.3.RELEASE.jar;C:\Users\prada\.m2\repository\org\springframework\boot\spring-boot-starter-aop\2.3.3.RELEASE\spring-boot-starter-aop-2.3.3.RELEASE.jar;C:\Users\prada\.m2\repository\org\aspectj\aspectjweaver\1.9.6\aspectjweaver-1.9.6.jar;C:\Users\prada\.m2\repository\org\springframework\boot\spring-boot-starter-jdbc\2.3.3.RELEASE\spring-boot-starter-jdbc-2.3.3.RELEASE.jar;C:\Users\prada\.m2\repository\com\zaxxer\HikariCP\3.4.5\HikariCP-3.4.5.jar;C:\Users\prada\.m2\repository\org\springframework\spring-jdbc\5.2.8.RELEASE\spring-jdbc-5.2.8.RELEASE.jar;C:\Users\prada\.m2\repository\jakarta\transaction\jakarta.transaction-api\1.3.3\jakarta.transaction-api-1.3.3.jar;C:\Users\prada\.m2\repository\jakarta\persistence\jakarta.persistence-api\2.2.3\jakarta.persistence-api-2.2.3.jar;C:\Users\prada\.m2\repository\org\springframework\data\spring-data-jpa\2.3.3.RELEASE\spring-data-jpa-2.3.3.RELEASE.jar;C:\Users\prada\.m2\repository\org\springframework\data\spring-data-commons\2.3.3.RELEASE\spring-data-commons-2.3.3.RELEASE.jar;C:\Users\prada\.m2\repository\org\springframework\spring-orm\5.2.8.RELEASE\spring-orm-5.2.8.RELEASE.jar;C:\Users\prada\.m2\repository\org\springframework\spring-tx\5.2.8.RELEASE\spring-tx-5.2.8.RELEASE.jar;C:\Users\prada\.m2\repository\org\springframework\spring-aspects\5.2.8.RELEASE\spring-aspects-5.2.8.RELEASE.jar;C:\Users\prada\.m2\repository\org\eclipse\persistence\org.eclipse.persistence.jpa\2.7.7\org.eclipse.persistence.jpa-2.7.7.jar;C:\Users\prada\.m2\repository\org\eclipse\persistence\jakarta.persistence\2.2.3\jakarta.persistence-2.2.3.jar;C:\Users\prada\.m2\repository\org\eclipse\persistence\org.eclipse.persistence.asm\2.7.7\org.eclipse.persistence.asm-2.7.7.jar;C:\Users\prada\.m2\repository\org\eclipse\persistence\org.eclipse.persistence.antlr\2.7.7\org.eclipse.persistence.antlr-2.7.7.jar;C:\Users\prada\.m2\repository\org\eclipse\persistence\org.eclipse.persistence.jpa.jpql\2.7.7\org.eclipse.persistence.jpa.jpql-2.7.7.jar;C:\Users\prada\.m2\repository\org\eclipse\persistence\org.eclipse.persistence.core\2.7.7\org.eclipse.persistence.core-2.7.7.jar;C:\Users\prada\.m2\repository\org\postgresql\postgresql\42.2.14\postgresql-42.2.14.jar;C:\Users\prada\.m2\repository\org\springframework\boot\spring-boot-starter-security\2.3.3.RELEASE\spring-boot-starter-security-2.3.3.RELEASE.jar;C:\Users\prada\.m2\repository\org\springframework\spring-aop\5.2.8.RELEASE\spring-aop-5.2.8.RELEASE.jar;C:\Users\prada\.m2\repository\org\springframework\security\spring-security-config\5.3.4.RELEASE\spring-security-config-5.3.4.RELEASE.jar;C:\Users\prada\.m2\repository\org\slf4j\slf4j-api\1.7.30\slf4j-api-1.7.30.jar;C:\Users\prada\.m2\repository\ch\qos\logback\logback-core\1.2.3\logback-core-1.2.3.jar;C:\Users\prada\.m2\repository\ch\qos\logback\logback-classic\1.2.3\logback-classic-1.2.3.jar;C:\Users\prada\.m2\repository\org\springframework\boot\spring-boot-starter-test\2.3.3.RELEASE\spring-boot-starter-test-2.3.3.RELEASE.jar;C:\Users\prada\.m2\repository\org\springframework\boot\spring-boot-test\2.3.3.RELEASE\spring-boot-test-2.3.3.RELEASE.jar;C:\Users\prada\.m2\repository\org\springframework\boot\spring-boot-test-autoconfigure\2.3.3.RELEASE\spring-boot-test-autoconfigure-2.3.3.RELEASE.jar;C:\Users\prada\.m2\repository\com\jayway\jsonpath\json-path\2.4.0\json-path-2.4.0.jar;C:\Users\prada\.m2\repository\net\minidev\json-smart\2.3\json-smart-2.3.jar;C:\Users\prada\.m2\repository\net\minidev\accessors-smart\1.2\accessors-smart-1.2.jar;C:\Users\prada\.m2\repository\org\ow2\asm\asm\5.0.4\asm-5.0.4.jar;C:\Users\prada\.m2\repository\jakarta\xml\bind\jakarta.xml.bind-api\2.3.3\jakarta.xml.bind-api-2.3.3.jar;C:\Users\prada\.m2\repository\jakarta\activation\jakarta.activation-api\1.2.2\jakarta.activation-api-1.2.2.jar;C:\Users\prada\.m2\repository\org\assertj\assertj-core\3.16.1\assertj-core-3.16.1.jar;C:\Users\prada\.m2\repository\org\hamcrest\hamcrest\2.2\hamcrest-2.2.jar;C:\Users\prada\.m2\repository\org\junit\jupiter\junit-jupiter\5.6.2\junit-jupiter-5.6.2.jar;C:\Users\prada\.m2\repository\org\junit\jupiter\junit-jupiter-api\5.6.2\junit-jupiter-api-5.6.2.jar;C:\Users\prada\.m2\repository\org\opentest4j\opentest4j\1.2.0\opentest4j-1.2.0.jar;C:\Users\prada\.m2\repository\org\junit\platform\junit-platform-commons\1.6.2\junit-platform-commons-1.6.2.jar;C:\Users\prada\.m2\repository\org\junit\jupiter\junit-jupiter-params\5.6.2\junit-jupiter-params-5.6.2.jar;C:\Users\prada\.m2\repository\org\junit\jupiter\junit-jupiter-engine\5.6.2\junit-jupiter-engine-5.6.2.jar;C:\Users\prada\.m2\repository\org\junit\vintage\junit-vintage-engine\5.6.2\junit-vintage-engine-5.6.2.jar;C:\Users\prada\.m2\repository\org\apiguardian\apiguardian-api\1.1.0\apiguardian-api-1.1.0.jar;C:\Users\prada\.m2\repository\org\junit\platform\junit-platform-engine\1.6.2\junit-platform-engine-1.6.2.jar;C:\Users\prada\.m2\repository\junit\junit\4.13\junit-4.13.jar;C:\Users\prada\.m2\repository\org\mockito\mockito-core\3.3.3\mockito-core-3.3.3.jar;C:\Users\prada\.m2\repository\net\bytebuddy\byte-buddy\1.10.14\byte-buddy-1.10.14.jar;C:\Users\prada\.m2\repository\net\bytebuddy\byte-buddy-agent\1.10.14\byte-buddy-agent-1.10.14.jar;C:\Users\prada\.m2\repository\org\objenesis\objenesis\2.6\objenesis-2.6.jar;C:\Users\prada\.m2\repository\org\mockito\mockito-junit-jupiter\3.3.3\mockito-junit-jupiter-3.3.3.jar;C:\Users\prada\.m2\repository\org\skyscreamer\jsonassert\1.5.0\jsonassert-1.5.0.jar;C:\Users\prada\.m2\repository\com\vaadin\external\google\android-json\0.0.20131108.vaadin1\android-json-0.0.20131108.vaadin1.jar;C:\Users\prada\.m2\repository\org\springframework\spring-core\5.2.8.RELEASE\spring-core-5.2.8.RELEASE.jar;C:\Users\prada\.m2\repository\org\springframework\spring-jcl\5.2.8.RELEASE\spring-jcl-5.2.8.RELEASE.jar;C:\Users\prada\.m2\repository\org\springframework\spring-test\5.2.8.RELEASE\spring-test-5.2.8.RELEASE.jar;C:\Users\prada\.m2\repository\org\xmlunit\xmlunit-core\2.7.0\xmlunit-core-2.7.0.jar;C:\Users\prada\.m2\repository\org\springframework\security\spring-security-test\5.3.4.RELEASE\spring-security-test-5.3.4.RELEASE.jar;C:\Users\prada\.m2\repository\com\h2database\h2\1.4.200\h2-1.4.200.jar;C:\Users\prada\.m2\repository\org\apache\httpcomponents\httpclient\4.5.12\httpclient-4.5.12.jar;C:\Users\prada\.m2\repository\org\apache\httpcomponents\httpcore\4.4.13\httpcore-4.4.13.jar;C:\Users\prada\.m2\repository\commons-codec\commons-codec\1.14\commons-codec-1.14.jar;C:\Users\prada\.m2\repository\org\springframework\security\spring-security-core\5.3.4.RELEASE\spring-security-core-5.3.4.RELEASE.jar;C:\Users\prada\.m2\repository\org\springframework\spring-beans\5.2.8.RELEASE\spring-beans-5.2.8.RELEASE.jar;C:\Users\prada\.m2\repository\org\springframework\spring-context\5.2.8.RELEASE\spring-context-5.2.8.RELEASE.jar;C:\Users\prada\.m2\repository\org\springframework\spring-expression\5.2.8.RELEASE\spring-expression-5.2.8.RELEASE.jar;C:\Users\prada\.m2\repository\org\springframework\security\spring-security-web\5.3.4.RELEASE\spring-security-web-5.3.4.RELEASE.jar;C:\Users\prada\.m2\repository\commons-dbcp\commons-dbcp\1.2.2\commons-dbcp-1.2.2.jar;C:\Users\prada\.m2\repository\commons-pool\commons-pool\1.6\commons-pool-1.6.jar;C:\Users\prada\.m2\repository\com\fasterxml\jackson\core\jackson-databind\2.11.2\jackson-databind-2.11.2.jar;C:\Users\prada\.m2\repository\com\fasterxml\jackson\core\jackson-annotations\2.11.2\jackson-annotations-2.11.2.jar;C:\Users\prada\.m2\repository\com\fasterxml\jackson\core\jackson-core\2.11.2\jackson-core-2.11.2.jar;C:\Users\prada\.m2\repository\javax\validation\validation-api\2.0.1.Final\validation-api-2.0.1.Final.jar;"/>
    <property name="sun.cpu.endian" value="little"/>
    <property name="user.home" value="C:\Users\prada"/>
    <property name="user.language" value="cs"/>
    <property name="java.specification.vendor" value="Oracle Corporation"/>
    <property name="java.home" value="C:\Users\prada\.jdks\corretto-1.8.0_322\jre"/>
    <property name="basedir" value="E:\School\Bc\bakalarka\appka\pradaluk"/>
    <property name="file.separator" value="\"/>
    <property name="line.separator" value="&#10;"/>
    <property name="java.vm.specification.vendor" value="Oracle Corporation"/>
    <property name="java.specification.name" value="Java Platform API Specification"/>
    <property name="java.awt.graphicsenv" value="sun.awt.Win32GraphicsEnvironment"/>
    <property name="surefire.real.class.path" value="C:\Users\prada\AppData\Local\Temp\surefire2712271782687338390\surefirebooter6088704646787102407.jar;C:\\Users\\prada\\.m2\\repository\\org\\jacoco\\org.jacoco.agent\\0.8.5\\org.jacoco.agent-0.8.5-runtime.jar"/>
    <property name="sun.boot.class.path" value="C:\Users\prada\.jdks\corretto-1.8.0_322\jre\lib\resources.jar;C:\Users\prada\.jdks\corretto-1.8.0_322\jre\lib\rt.jar;C:\Users\prada\.jdks\corretto-1.8.0_322\jre\lib\sunrsasign.jar;C:\Users\prada\.jdks\corretto-1.8.0_322\jre\lib\jsse.jar;C:\Users\prada\.jdks\corretto-1.8.0_322\jre\lib\jce.jar;C:\Users\prada\.jdks\corretto-1.8.0_322\jre\lib\charsets.jar;C:\Users\prada\.jdks\corretto-1.8.0_322\jre\lib\jfr.jar;C:\Users\prada\.jdks\corretto-1.8.0_322\jre\classes"/>
    <property name="user.script" value=""/>
    <property name="sun.management.compiler" value="HotSpot 64-Bit Tiered Compilers"/>
    <property name="java.runtime.version" value="1.8.0_322-b06"/>
    <property name="user.name" value="prada"/>
    <property name="path.separator" value=";"/>
    <property name="os.version" value="10.0"/>
    <property name="java.endorsed.dirs" value="C:\Users\prada\.jdks\corretto-1.8.0_322\jre\lib\endorsed"/>
    <property name="java.runtime.name" value="OpenJDK Runtime Environment"/>
    <property name="file.encoding" value="Cp1250"/>
    <property name="java.vm.name" value="OpenJDK 64-Bit Server VM"/>
    <property name="localRepository" value="C:\Users\prada\.m2\repository"/>
    <property name="java.vendor.url.bug" value="https://github.com/corretto/corretto-8/issues/"/>
    <property name="java.io.tmpdir" value="C:\Users\prada\AppData\Local\Temp\"/>
    <property name="idea.version" value="2021.2.3"/>
    <property name="java.version" value="1.8.0_322"/>
    <property name="user.dir" value="E:\School\Bc\bakalarka\appka\pradaluk"/>
    <property name="os.arch" value="amd64"/>
    <property name="java.vm.specification.name" value="Java Virtual Machine Specification"/>
    <property name="java.awt.printerjob" value="sun.awt.windows.WPrinterJob"/>
    <property name="sun.os.patch.level" value=""/>
    <property name="java.library.path" value="C:\Users\prada\.jdks\corretto-1.8.0_322\jre\bin;C:\Windows\Sun\Java\bin;C:\Windows\system32;C:\Windows;C:\Program Files\Common Files\Oracle\Java\javapath;C:\Program Files (x86)\Common Files\Oracle\Java\javapath;C:\Windows\system32;C:\Windows;C:\Windows\System32\Wbem;C:\Windows\System32\WindowsPowerShell\v1.0\;C:\Windows\System32\OpenSSH\;C:\Program Files (x86)\NVIDIA Corporation\PhysX\Common;C:\Program Files\NVIDIA Corporation\NVIDIA NvDLISR;E:\Programs\Git\cmd;d:\iracing\d3dgear;E:\Programs\MiKTeX\miktex\bin\x64\;E:\Programs\Gpg4win\..\GnuPG\bin;;C:\Program Files\dotnet\;;;;;;;;;;C:\Program Files (x86)\dotnet\;E:\Programs\NodeJs\;;;C:\Users\prada\AppData\Local\Programs\Python\Python310\Scripts\;C:\Users\prada\AppData\Local\Programs\Python\Python310\;C:\Users\prada\AppData\Local\Microsoft\WindowsApps;;E:\Programs\Microsoft VS Code\bin;C:\Users\prada\AppData\Roaming\npm;C:\Program Files\heroku\bin;."/>
    <property name="java.vm.info" value="mixed mode"/>
    <property name="java.vendor" value="Amazon.com Inc."/>
    <property name="java.vm.version" value="25.322-b06"/>
    <property name="java.ext.dirs" value="C:\Users\prada\.jdks\corretto-1.8.0_322\jre\lib\ext;C:\Windows\Sun\Java\lib\ext"/>
    <property name="sun.io.unicode.encoding" value="UnicodeLittle"/>
    <property name="java.class.version" value="52.0"/>
  </properties>
  <testcase name="findAllByCircuitReturnRacesOnSpecificCircuit" classname="cz.cvut.kbss.ear.race.dao.RaceDaoTest" time="0.148">
    <error message="Exception [EclipseLink-4002] (Eclipse Persistence Services - 2.7.7.v20200504-69f2c2b80d): org.eclipse.persistence.exceptions.DatabaseException&#10;Internal Exception: org.h2.jdbc.JdbcSQLIntegrityConstraintViolationException: Pro sloupec &quot;MAXDRIVERS&quot; není hodnota NULL povolena&#10;NULL not allowed for column &quot;MAXDRIVERS&quot;; SQL statement:&#10;INSERT INTO RACE (RACE_ID, EOR_DATE, MAXDRIVERS, NAME, RACE_DATE, CIRCUIT_ID, ORGANIZOR_USER_ID) VALUES (?, ?, ?, ?, ?, ?, ?) [23502-200]&#10;Error Code: 23502&#10;Call: INSERT INTO RACE (RACE_ID, EOR_DATE, MAXDRIVERS, NAME, RACE_DATE, CIRCUIT_ID, ORGANIZOR_USER_ID) VALUES (?, ?, ?, ?, ?, ?, ?)&#10;	bind =&gt; [7, null, null, Race 1496578618, null, 3, null]&#10;Query: InsertObjectQuery(cz.cvut.kbss.ear.race.model.Race@76280e6)" type="javax.persistence.PersistenceException">javax.persistence.PersistenceException: 
Exception [EclipseLink-4002] (Eclipse Persistence Services - 2.7.7.v20200504-69f2c2b80d): org.eclipse.persistence.exceptions.DatabaseException
Internal Exception: org.h2.jdbc.JdbcSQLIntegrityConstraintViolationException: Pro sloupec "MAXDRIVERS" není hodnota NULL povolena
NULL not allowed for column "MAXDRIVERS"; SQL statement:
INSERT INTO RACE (RACE_ID, EOR_DATE, MAXDRIVERS, NAME, RACE_DATE, CIRCUIT_ID, ORGANIZOR_USER_ID) VALUES (?, ?, ?, ?, ?, ?, ?) [23502-200]
Error Code: 23502
Call: INSERT INTO RACE (RACE_ID, EOR_DATE, MAXDRIVERS, NAME, RACE_DATE, CIRCUIT_ID, ORGANIZOR_USER_ID) VALUES (?, ?, ?, ?, ?, ?, ?)
	bind => [7, null, null, Race 1496578618, null, 3, null]
Query: InsertObjectQuery(cz.cvut.kbss.ear.race.model.Race@76280e6)
	at cz.cvut.kbss.ear.race.dao.RaceDaoTest.findAllByCircuitReturnRacesOnSpecificCircuit(RaceDaoTest.java:48)
Caused by: org.eclipse.persistence.exceptions.DatabaseException: 

Internal Exception: org.h2.jdbc.JdbcSQLIntegrityConstraintViolationException: Pro sloupec "MAXDRIVERS" není hodnota NULL povolena
NULL not allowed for column "MAXDRIVERS"; SQL statement:
INSERT INTO RACE (RACE_ID, EOR_DATE, MAXDRIVERS, NAME, RACE_DATE, CIRCUIT_ID, ORGANIZOR_USER_ID) VALUES (?, ?, ?, ?, ?, ?, ?) [23502-200]
Error Code: 23502
Call: INSERT INTO RACE (RACE_ID, EOR_DATE, MAXDRIVERS, NAME, RACE_DATE, CIRCUIT_ID, ORGANIZOR_USER_ID) VALUES (?, ?, ?, ?, ?, ?, ?)
	bind => [7, null, null, Race 1496578618, null, 3, null]
Query: InsertObjectQuery(cz.cvut.kbss.ear.race.model.Race@76280e6)
	at cz.cvut.kbss.ear.race.dao.RaceDaoTest.findAllByCircuitReturnRacesOnSpecificCircuit(RaceDaoTest.java:48)
Caused by: org.h2.jdbc.JdbcSQLIntegrityConstraintViolationException: 
Pro sloupec "MAXDRIVERS" není hodnota NULL povolena
NULL not allowed for column "MAXDRIVERS"; SQL statement:
INSERT INTO RACE (RACE_ID, EOR_DATE, MAXDRIVERS, NAME, RACE_DATE, CIRCUIT_ID, ORGANIZOR_USER_ID) VALUES (?, ?, ?, ?, ?, ?, ?) [23502-200]
	at cz.cvut.kbss.ear.race.dao.RaceDaoTest.findAllByCircuitReturnRacesOnSpecificCircuit(RaceDaoTest.java:48)
</error>
    <system-out><![CDATA[20-05-2022 11:44:39.742 [main] INFO  o.s.t.c.s.AbstractContextLoader - Could not detect default resource locations for test class [cz.cvut.kbss.ear.race.dao.BaseDaoTestRunner]: no resource found for suffixes {-context.xml, Context.groovy}.
20-05-2022 11:44:39.815 [main] INFO  o.s.b.t.a.o.j.DataJpaTestContextBootstrapper - Loaded default TestExecutionListener class names from location [META-INF/spring.factories]: [org.springframework.boot.test.mock.mockito.MockitoTestExecutionListener, org.springframework.boot.test.mock.mockito.ResetMocksTestExecutionListener, org.springframework.boot.test.autoconfigure.restdocs.RestDocsTestExecutionListener, org.springframework.boot.test.autoconfigure.web.client.MockRestServiceServerResetTestExecutionListener, org.springframework.boot.test.autoconfigure.web.servlet.MockMvcPrintOnlyOnFailureTestExecutionListener, org.springframework.boot.test.autoconfigure.web.servlet.WebDriverTestExecutionListener, org.springframework.boot.test.autoconfigure.webservices.client.MockWebServiceServerTestExecutionListener, org.springframework.test.context.web.ServletTestExecutionListener, org.springframework.test.context.support.DirtiesContextBeforeModesTestExecutionListener, org.springframework.test.context.support.DependencyInjectionTestExecutionListener, org.springframework.test.context.support.DirtiesContextTestExecutionListener, org.springframework.test.context.transaction.TransactionalTestExecutionListener, org.springframework.test.context.jdbc.SqlScriptsTestExecutionListener, org.springframework.test.context.event.EventPublishingTestExecutionListener, org.springframework.security.test.context.support.WithSecurityContextTestExecutionListener, org.springframework.security.test.context.support.ReactorContextTestExecutionListener]
20-05-2022 11:44:39.841 [main] INFO  o.s.b.t.a.o.j.DataJpaTestContextBootstrapper - Using TestExecutionListeners: [org.springframework.test.context.web.ServletTestExecutionListener@2484dbb7, org.springframework.test.context.support.DirtiesContextBeforeModesTestExecutionListener@111cba40, org.springframework.boot.test.mock.mockito.MockitoTestExecutionListener@48e41b5d, org.springframework.boot.test.autoconfigure.SpringBootDependencyInjectionTestExecutionListener@51e8d066, org.springframework.test.context.support.DirtiesContextTestExecutionListener@5333f08f, org.springframework.test.context.transaction.TransactionalTestExecutionListener@27898e13, org.springframework.test.context.jdbc.SqlScriptsTestExecutionListener@4f5f474c, org.springframework.test.context.event.EventPublishingTestExecutionListener@58a3d521, org.springframework.security.test.context.support.WithSecurityContextTestExecutionListener@14d8e132, org.springframework.security.test.context.support.ReactorContextTestExecutionListener@7f4a1cac, org.springframework.boot.test.mock.mockito.ResetMocksTestExecutionListener@4a1a412e, org.springframework.boot.test.autoconfigure.restdocs.RestDocsTestExecutionListener@c568f91, org.springframework.boot.test.autoconfigure.web.client.MockRestServiceServerResetTestExecutionListener@5fd43e58, org.springframework.boot.test.autoconfigure.web.servlet.MockMvcPrintOnlyOnFailureTestExecutionListener@70d4f672, org.springframework.boot.test.autoconfigure.web.servlet.WebDriverTestExecutionListener@68dfda77, org.springframework.boot.test.autoconfigure.webservices.client.MockWebServiceServerTestExecutionListener@50cdfafa]
20-05-2022 11:44:39.869 [main] INFO  o.s.b.t.a.o.j.DataJpaTestContextBootstrapper - Neither @ContextConfiguration nor @ContextHierarchy found for test class [cz.cvut.kbss.ear.race.dao.UserDaoTest], using SpringBootContextLoader
20-05-2022 11:44:39.869 [main] INFO  o.s.t.c.s.AbstractContextLoader - Could not detect default resource locations for test class [cz.cvut.kbss.ear.race.dao.UserDaoTest]: no resource found for suffixes {-context.xml, Context.groovy}.
20-05-2022 11:44:39.870 [main] INFO  o.s.t.c.s.AnnotationConfigContextLoaderUtils - Could not detect default configuration classes for test class [cz.cvut.kbss.ear.race.dao.UserDaoTest]: UserDaoTest does not declare any static, non-private, non-final, nested classes annotated with @Configuration.
20-05-2022 11:44:39.939 [main] INFO  o.s.b.t.c.SpringBootTestContextBootstrapper - Found @SpringBootConfiguration cz.cvut.kbss.ear.race.RacingOrgApp for test class cz.cvut.kbss.ear.race.dao.UserDaoTest
20-05-2022 11:44:39.940 [main] INFO  o.s.b.t.a.o.j.DataJpaTestContextBootstrapper - Loaded default TestExecutionListener class names from location [META-INF/spring.factories]: [org.springframework.boot.test.mock.mockito.MockitoTestExecutionListener, org.springframework.boot.test.mock.mockito.ResetMocksTestExecutionListener, org.springframework.boot.test.autoconfigure.restdocs.RestDocsTestExecutionListener, org.springframework.boot.test.autoconfigure.web.client.MockRestServiceServerResetTestExecutionListener, org.springframework.boot.test.autoconfigure.web.servlet.MockMvcPrintOnlyOnFailureTestExecutionListener, org.springframework.boot.test.autoconfigure.web.servlet.WebDriverTestExecutionListener, org.springframework.boot.test.autoconfigure.webservices.client.MockWebServiceServerTestExecutionListener, org.springframework.test.context.web.ServletTestExecutionListener, org.springframework.test.context.support.DirtiesContextBeforeModesTestExecutionListener, org.springframework.test.context.support.DependencyInjectionTestExecutionListener, org.springframework.test.context.support.DirtiesContextTestExecutionListener, org.springframework.test.context.transaction.TransactionalTestExecutionListener, org.springframework.test.context.jdbc.SqlScriptsTestExecutionListener, org.springframework.test.context.event.EventPublishingTestExecutionListener, org.springframework.security.test.context.support.WithSecurityContextTestExecutionListener, org.springframework.security.test.context.support.ReactorContextTestExecutionListener]
20-05-2022 11:44:39.941 [main] INFO  o.s.b.t.a.o.j.DataJpaTestContextBootstrapper - Using TestExecutionListeners: [org.springframework.test.context.web.ServletTestExecutionListener@118fbaf0, org.springframework.test.context.support.DirtiesContextBeforeModesTestExecutionListener@208f7165, org.springframework.boot.test.mock.mockito.MockitoTestExecutionListener@a0d875d, org.springframework.boot.test.autoconfigure.SpringBootDependencyInjectionTestExecutionListener@693f2c89, org.springframework.test.context.support.DirtiesContextTestExecutionListener@50b4364, org.springframework.test.context.transaction.TransactionalTestExecutionListener@5e541ef9, org.springframework.test.context.jdbc.SqlScriptsTestExecutionListener@38054d01, org.springframework.test.context.event.EventPublishingTestExecutionListener@28ce75ec, org.springframework.security.test.context.support.WithSecurityContextTestExecutionListener@778113f2, org.springframework.security.test.context.support.ReactorContextTestExecutionListener@9dc782d, org.springframework.boot.test.mock.mockito.ResetMocksTestExecutionListener@1ba35152, org.springframework.boot.test.autoconfigure.restdocs.RestDocsTestExecutionListener@401926df, org.springframework.boot.test.autoconfigure.web.client.MockRestServiceServerResetTestExecutionListener@3ff8a3ad, org.springframework.boot.test.autoconfigure.web.servlet.MockMvcPrintOnlyOnFailureTestExecutionListener@550fa96f, org.springframework.boot.test.autoconfigure.web.servlet.WebDriverTestExecutionListener@54275b5d, org.springframework.boot.test.autoconfigure.webservices.client.MockWebServiceServerTestExecutionListener@5d01b0d8]
20-05-2022 11:44:39.953 [main] INFO  o.s.t.c.s.DefaultTestContextBootstrapper - Loaded default TestExecutionListener class names from location [META-INF/spring.factories]: [org.springframework.boot.test.mock.mockito.MockitoTestExecutionListener, org.springframework.boot.test.mock.mockito.ResetMocksTestExecutionListener, org.springframework.boot.test.autoconfigure.restdocs.RestDocsTestExecutionListener, org.springframework.boot.test.autoconfigure.web.client.MockRestServiceServerResetTestExecutionListener, org.springframework.boot.test.autoconfigure.web.servlet.MockMvcPrintOnlyOnFailureTestExecutionListener, org.springframework.boot.test.autoconfigure.web.servlet.WebDriverTestExecutionListener, org.springframework.boot.test.autoconfigure.webservices.client.MockWebServiceServerTestExecutionListener, org.springframework.test.context.web.ServletTestExecutionListener, org.springframework.test.context.support.DirtiesContextBeforeModesTestExecutionListener, org.springframework.test.context.support.DependencyInjectionTestExecutionListener, org.springframework.test.context.support.DirtiesContextTestExecutionListener, org.springframework.test.context.transaction.TransactionalTestExecutionListener, org.springframework.test.context.jdbc.SqlScriptsTestExecutionListener, org.springframework.test.context.event.EventPublishingTestExecutionListener, org.springframework.security.test.context.support.WithSecurityContextTestExecutionListener, org.springframework.security.test.context.support.ReactorContextTestExecutionListener]
20-05-2022 11:44:39.954 [main] INFO  o.s.t.c.s.DefaultTestContextBootstrapper - Using TestExecutionListeners: [org.springframework.test.context.web.ServletTestExecutionListener@5ee6fdc4, org.springframework.test.context.support.DirtiesContextBeforeModesTestExecutionListener@1bbb42b4, org.springframework.boot.test.mock.mockito.MockitoTestExecutionListener@3f9f8d23, org.springframework.test.context.support.DependencyInjectionTestExecutionListener@603d25db, org.springframework.test.context.support.DirtiesContextTestExecutionListener@95cecc5, org.springframework.test.context.transaction.TransactionalTestExecutionListener@48b3b1b8, org.springframework.test.context.jdbc.SqlScriptsTestExecutionListener@b86cb18, org.springframework.test.context.event.EventPublishingTestExecutionListener@29c244e, org.springframework.security.test.context.support.WithSecurityContextTestExecutionListener@6cc8da1c, org.springframework.security.test.context.support.ReactorContextTestExecutionListener@39a3984c, org.springframework.boot.test.mock.mockito.ResetMocksTestExecutionListener@4404a6b, org.springframework.boot.test.autoconfigure.restdocs.RestDocsTestExecutionListener@671da0f9, org.springframework.boot.test.autoconfigure.web.client.MockRestServiceServerResetTestExecutionListener@4d2f9e3c, org.springframework.boot.test.autoconfigure.web.servlet.MockMvcPrintOnlyOnFailureTestExecutionListener@686b1e2d, org.springframework.boot.test.autoconfigure.web.servlet.WebDriverTestExecutionListener@6e7e0259, org.springframework.boot.test.autoconfigure.webservices.client.MockWebServiceServerTestExecutionListener@646e6d07]
20-05-2022 11:44:39.960 [main] INFO  o.s.t.c.s.DefaultTestContextBootstrapper - Loaded default TestExecutionListener class names from location [META-INF/spring.factories]: [org.springframework.boot.test.mock.mockito.MockitoTestExecutionListener, org.springframework.boot.test.mock.mockito.ResetMocksTestExecutionListener, org.springframework.boot.test.autoconfigure.restdocs.RestDocsTestExecutionListener, org.springframework.boot.test.autoconfigure.web.client.MockRestServiceServerResetTestExecutionListener, org.springframework.boot.test.autoconfigure.web.servlet.MockMvcPrintOnlyOnFailureTestExecutionListener, org.springframework.boot.test.autoconfigure.web.servlet.WebDriverTestExecutionListener, org.springframework.boot.test.autoconfigure.webservices.client.MockWebServiceServerTestExecutionListener, org.springframework.test.context.web.ServletTestExecutionListener, org.springframework.test.context.support.DirtiesContextBeforeModesTestExecutionListener, org.springframework.test.context.support.DependencyInjectionTestExecutionListener, org.springframework.test.context.support.DirtiesContextTestExecutionListener, org.springframework.test.context.transaction.TransactionalTestExecutionListener, org.springframework.test.context.jdbc.SqlScriptsTestExecutionListener, org.springframework.test.context.event.EventPublishingTestExecutionListener, org.springframework.security.test.context.support.WithSecurityContextTestExecutionListener, org.springframework.security.test.context.support.ReactorContextTestExecutionListener]
20-05-2022 11:44:39.960 [main] INFO  o.s.t.c.s.DefaultTestContextBootstrapper - Using TestExecutionListeners: [org.springframework.test.context.web.ServletTestExecutionListener@574ebdaf, org.springframework.test.context.support.DirtiesContextBeforeModesTestExecutionListener@33f349ae, org.springframework.boot.test.mock.mockito.MockitoTestExecutionListener@377e573a, org.springframework.test.context.support.DependencyInjectionTestExecutionListener@76db9048, org.springframework.test.context.support.DirtiesContextTestExecutionListener@54daf8f9, org.springframework.test.context.transaction.TransactionalTestExecutionListener@7d4d65f5, org.springframework.test.context.jdbc.SqlScriptsTestExecutionListener@38cf3ae1, org.springframework.test.context.event.EventPublishingTestExecutionListener@123ca460, org.springframework.security.test.context.support.WithSecurityContextTestExecutionListener@11228bee, org.springframework.security.test.context.support.ReactorContextTestExecutionListener@7d626f2, org.springframework.boot.test.mock.mockito.ResetMocksTestExecutionListener@460f1cdb, org.springframework.boot.test.autoconfigure.restdocs.RestDocsTestExecutionListener@31e7afde, org.springframework.boot.test.autoconfigure.web.client.MockRestServiceServerResetTestExecutionListener@349f3ff7, org.springframework.boot.test.autoconfigure.web.servlet.MockMvcPrintOnlyOnFailureTestExecutionListener@2487e20, org.springframework.boot.test.autoconfigure.web.servlet.WebDriverTestExecutionListener@3c9f4376, org.springframework.boot.test.autoconfigure.webservices.client.MockWebServiceServerTestExecutionListener@308a9264]
20-05-2022 11:44:39.972 [main] INFO  o.s.t.c.s.DefaultTestContextBootstrapper - Loaded default TestExecutionListener class names from location [META-INF/spring.factories]: [org.springframework.boot.test.mock.mockito.MockitoTestExecutionListener, org.springframework.boot.test.mock.mockito.ResetMocksTestExecutionListener, org.springframework.boot.test.autoconfigure.restdocs.RestDocsTestExecutionListener, org.springframework.boot.test.autoconfigure.web.client.MockRestServiceServerResetTestExecutionListener, org.springframework.boot.test.autoconfigure.web.servlet.MockMvcPrintOnlyOnFailureTestExecutionListener, org.springframework.boot.test.autoconfigure.web.servlet.WebDriverTestExecutionListener, org.springframework.boot.test.autoconfigure.webservices.client.MockWebServiceServerTestExecutionListener, org.springframework.test.context.web.ServletTestExecutionListener, org.springframework.test.context.support.DirtiesContextBeforeModesTestExecutionListener, org.springframework.test.context.support.DependencyInjectionTestExecutionListener, org.springframework.test.context.support.DirtiesContextTestExecutionListener, org.springframework.test.context.transaction.TransactionalTestExecutionListener, org.springframework.test.context.jdbc.SqlScriptsTestExecutionListener, org.springframework.test.context.event.EventPublishingTestExecutionListener, org.springframework.security.test.context.support.WithSecurityContextTestExecutionListener, org.springframework.security.test.context.support.ReactorContextTestExecutionListener]
20-05-2022 11:44:39.973 [main] INFO  o.s.t.c.s.DefaultTestContextBootstrapper - Using TestExecutionListeners: [org.springframework.test.context.web.ServletTestExecutionListener@e7b0bec, org.springframework.test.context.support.DirtiesContextBeforeModesTestExecutionListener@1e5aacd9, org.springframework.boot.test.mock.mockito.MockitoTestExecutionListener@7d90644f, org.springframework.test.context.support.DependencyInjectionTestExecutionListener@f810c18, org.springframework.test.context.support.DirtiesContextTestExecutionListener@59f3426f, org.springframework.test.context.transaction.TransactionalTestExecutionListener@120411ec, org.springframework.test.context.jdbc.SqlScriptsTestExecutionListener@6cc8adff, org.springframework.test.context.event.EventPublishingTestExecutionListener@6b2e9db2, org.springframework.security.test.context.support.WithSecurityContextTestExecutionListener@280d5a82, org.springframework.security.test.context.support.ReactorContextTestExecutionListener@1a34a51e, org.springframework.boot.test.mock.mockito.ResetMocksTestExecutionListener@333a44f2, org.springframework.boot.test.autoconfigure.restdocs.RestDocsTestExecutionListener@2c668c2a, org.springframework.boot.test.autoconfigure.web.client.MockRestServiceServerResetTestExecutionListener@6efd0a6e, org.springframework.boot.test.autoconfigure.web.servlet.MockMvcPrintOnlyOnFailureTestExecutionListener@51de5efa, org.springframework.boot.test.autoconfigure.web.servlet.WebDriverTestExecutionListener@30228de7, org.springframework.boot.test.autoconfigure.webservices.client.MockWebServiceServerTestExecutionListener@28bd5015]
20-05-2022 11:44:39.979 [main] INFO  o.s.t.c.s.DefaultTestContextBootstrapper - Loaded default TestExecutionListener class names from location [META-INF/spring.factories]: [org.springframework.boot.test.mock.mockito.MockitoTestExecutionListener, org.springframework.boot.test.mock.mockito.ResetMocksTestExecutionListener, org.springframework.boot.test.autoconfigure.restdocs.RestDocsTestExecutionListener, org.springframework.boot.test.autoconfigure.web.client.MockRestServiceServerResetTestExecutionListener, org.springframework.boot.test.autoconfigure.web.servlet.MockMvcPrintOnlyOnFailureTestExecutionListener, org.springframework.boot.test.autoconfigure.web.servlet.WebDriverTestExecutionListener, org.springframework.boot.test.autoconfigure.webservices.client.MockWebServiceServerTestExecutionListener, org.springframework.test.context.web.ServletTestExecutionListener, org.springframework.test.context.support.DirtiesContextBeforeModesTestExecutionListener, org.springframework.test.context.support.DependencyInjectionTestExecutionListener, org.springframework.test.context.support.DirtiesContextTestExecutionListener, org.springframework.test.context.transaction.TransactionalTestExecutionListener, org.springframework.test.context.jdbc.SqlScriptsTestExecutionListener, org.springframework.test.context.event.EventPublishingTestExecutionListener, org.springframework.security.test.context.support.WithSecurityContextTestExecutionListener, org.springframework.security.test.context.support.ReactorContextTestExecutionListener]
20-05-2022 11:44:39.979 [main] INFO  o.s.t.c.s.DefaultTestContextBootstrapper - Using TestExecutionListeners: [org.springframework.test.context.web.ServletTestExecutionListener@1a4930cf, org.springframework.test.context.support.DirtiesContextBeforeModesTestExecutionListener@3fd33f48, org.springframework.boot.test.mock.mockito.MockitoTestExecutionListener@75a226ea, org.springframework.test.context.support.DependencyInjectionTestExecutionListener@986b619, org.springframework.test.context.support.DirtiesContextTestExecutionListener@5a1a20ae, org.springframework.test.context.transaction.TransactionalTestExecutionListener@7c956dda, org.springframework.test.context.jdbc.SqlScriptsTestExecutionListener@186481d4, org.springframework.test.context.event.EventPublishingTestExecutionListener@24eecabf, org.springframework.security.test.context.support.WithSecurityContextTestExecutionListener@2ffa91dc, org.springframework.security.test.context.support.ReactorContextTestExecutionListener@78d6c244, org.springframework.boot.test.mock.mockito.ResetMocksTestExecutionListener@448086ab, org.springframework.boot.test.autoconfigure.restdocs.RestDocsTestExecutionListener@16e907b6, org.springframework.boot.test.autoconfigure.web.client.MockRestServiceServerResetTestExecutionListener@6de610c6, org.springframework.boot.test.autoconfigure.web.servlet.MockMvcPrintOnlyOnFailureTestExecutionListener@23ec2bdc, org.springframework.boot.test.autoconfigure.web.servlet.WebDriverTestExecutionListener@631944d4, org.springframework.boot.test.autoconfigure.webservices.client.MockWebServiceServerTestExecutionListener@3d132bb6]
20-05-2022 11:44:39.985 [main] INFO  o.s.t.c.s.DefaultTestContextBootstrapper - Loaded default TestExecutionListener class names from location [META-INF/spring.factories]: [org.springframework.boot.test.mock.mockito.MockitoTestExecutionListener, org.springframework.boot.test.mock.mockito.ResetMocksTestExecutionListener, org.springframework.boot.test.autoconfigure.restdocs.RestDocsTestExecutionListener, org.springframework.boot.test.autoconfigure.web.client.MockRestServiceServerResetTestExecutionListener, org.springframework.boot.test.autoconfigure.web.servlet.MockMvcPrintOnlyOnFailureTestExecutionListener, org.springframework.boot.test.autoconfigure.web.servlet.WebDriverTestExecutionListener, org.springframework.boot.test.autoconfigure.webservices.client.MockWebServiceServerTestExecutionListener, org.springframework.test.context.web.ServletTestExecutionListener, org.springframework.test.context.support.DirtiesContextBeforeModesTestExecutionListener, org.springframework.test.context.support.DependencyInjectionTestExecutionListener, org.springframework.test.context.support.DirtiesContextTestExecutionListener, org.springframework.test.context.transaction.TransactionalTestExecutionListener, org.springframework.test.context.jdbc.SqlScriptsTestExecutionListener, org.springframework.test.context.event.EventPublishingTestExecutionListener, org.springframework.security.test.context.support.WithSecurityContextTestExecutionListener, org.springframework.security.test.context.support.ReactorContextTestExecutionListener]
20-05-2022 11:44:39.985 [main] INFO  o.s.t.c.s.DefaultTestContextBootstrapper - Using TestExecutionListeners: [org.springframework.test.context.web.ServletTestExecutionListener@25f7cc38, org.springframework.test.context.support.DirtiesContextBeforeModesTestExecutionListener@563263a, org.springframework.boot.test.mock.mockito.MockitoTestExecutionListener@53e28097, org.springframework.test.context.support.DependencyInjectionTestExecutionListener@6e794f53, org.springframework.test.context.support.DirtiesContextTestExecutionListener@75f4d8a8, org.springframework.test.context.transaction.TransactionalTestExecutionListener@69ba72da, org.springframework.test.context.jdbc.SqlScriptsTestExecutionListener@2e1ba142, org.springframework.test.context.event.EventPublishingTestExecutionListener@abc7005, org.springframework.security.test.context.support.WithSecurityContextTestExecutionListener@595ec862, org.springframework.security.test.context.support.ReactorContextTestExecutionListener@63c84d31, org.springframework.boot.test.mock.mockito.ResetMocksTestExecutionListener@102af1bb, org.springframework.boot.test.autoconfigure.restdocs.RestDocsTestExecutionListener@797f97e3, org.springframework.boot.test.autoconfigure.web.client.MockRestServiceServerResetTestExecutionListener@56cd5d76, org.springframework.boot.test.autoconfigure.web.servlet.MockMvcPrintOnlyOnFailureTestExecutionListener@77cd235b, org.springframework.boot.test.autoconfigure.web.servlet.WebDriverTestExecutionListener@302da330, org.springframework.boot.test.autoconfigure.webservices.client.MockWebServiceServerTestExecutionListener@3568ea59]
20-05-2022 11:44:39.989 [main] INFO  o.s.t.c.s.DefaultTestContextBootstrapper - Loaded default TestExecutionListener class names from location [META-INF/spring.factories]: [org.springframework.boot.test.mock.mockito.MockitoTestExecutionListener, org.springframework.boot.test.mock.mockito.ResetMocksTestExecutionListener, org.springframework.boot.test.autoconfigure.restdocs.RestDocsTestExecutionListener, org.springframework.boot.test.autoconfigure.web.client.MockRestServiceServerResetTestExecutionListener, org.springframework.boot.test.autoconfigure.web.servlet.MockMvcPrintOnlyOnFailureTestExecutionListener, org.springframework.boot.test.autoconfigure.web.servlet.WebDriverTestExecutionListener, org.springframework.boot.test.autoconfigure.webservices.client.MockWebServiceServerTestExecutionListener, org.springframework.test.context.web.ServletTestExecutionListener, org.springframework.test.context.support.DirtiesContextBeforeModesTestExecutionListener, org.springframework.test.context.support.DependencyInjectionTestExecutionListener, org.springframework.test.context.support.DirtiesContextTestExecutionListener, org.springframework.test.context.transaction.TransactionalTestExecutionListener, org.springframework.test.context.jdbc.SqlScriptsTestExecutionListener, org.springframework.test.context.event.EventPublishingTestExecutionListener, org.springframework.security.test.context.support.WithSecurityContextTestExecutionListener, org.springframework.security.test.context.support.ReactorContextTestExecutionListener]
20-05-2022 11:44:39.990 [main] INFO  o.s.t.c.s.DefaultTestContextBootstrapper - Using TestExecutionListeners: [org.springframework.test.context.web.ServletTestExecutionListener@22cd8ec2, org.springframework.test.context.support.DirtiesContextBeforeModesTestExecutionListener@7d977a20, org.springframework.boot.test.mock.mockito.MockitoTestExecutionListener@35ab4260, org.springframework.test.context.support.DependencyInjectionTestExecutionListener@76134b9b, org.springframework.test.context.support.DirtiesContextTestExecutionListener@38667005, org.springframework.test.context.transaction.TransactionalTestExecutionListener@7ee64b53, org.springframework.test.context.jdbc.SqlScriptsTestExecutionListener@1131aead, org.springframework.test.context.event.EventPublishingTestExecutionListener@7d126083, org.springframework.security.test.context.support.WithSecurityContextTestExecutionListener@76ffc17c, org.springframework.security.test.context.support.ReactorContextTestExecutionListener@3a8fb023, org.springframework.boot.test.mock.mockito.ResetMocksTestExecutionListener@26d73519, org.springframework.boot.test.autoconfigure.restdocs.RestDocsTestExecutionListener@48af5f38, org.springframework.boot.test.autoconfigure.web.client.MockRestServiceServerResetTestExecutionListener@40538370, org.springframework.boot.test.autoconfigure.web.servlet.MockMvcPrintOnlyOnFailureTestExecutionListener@71a2df1, org.springframework.boot.test.autoconfigure.web.servlet.WebDriverTestExecutionListener@18faaff6, org.springframework.boot.test.autoconfigure.webservices.client.MockWebServiceServerTestExecutionListener@2a9e754e]
20-05-2022 11:44:39.996 [main] INFO  o.s.t.c.s.DefaultTestContextBootstrapper - Loaded default TestExecutionListener class names from location [META-INF/spring.factories]: [org.springframework.boot.test.mock.mockito.MockitoTestExecutionListener, org.springframework.boot.test.mock.mockito.ResetMocksTestExecutionListener, org.springframework.boot.test.autoconfigure.restdocs.RestDocsTestExecutionListener, org.springframework.boot.test.autoconfigure.web.client.MockRestServiceServerResetTestExecutionListener, org.springframework.boot.test.autoconfigure.web.servlet.MockMvcPrintOnlyOnFailureTestExecutionListener, org.springframework.boot.test.autoconfigure.web.servlet.WebDriverTestExecutionListener, org.springframework.boot.test.autoconfigure.webservices.client.MockWebServiceServerTestExecutionListener, org.springframework.test.context.web.ServletTestExecutionListener, org.springframework.test.context.support.DirtiesContextBeforeModesTestExecutionListener, org.springframework.test.context.support.DependencyInjectionTestExecutionListener, org.springframework.test.context.support.DirtiesContextTestExecutionListener, org.springframework.test.context.transaction.TransactionalTestExecutionListener, org.springframework.test.context.jdbc.SqlScriptsTestExecutionListener, org.springframework.test.context.event.EventPublishingTestExecutionListener, org.springframework.security.test.context.support.WithSecurityContextTestExecutionListener, org.springframework.security.test.context.support.ReactorContextTestExecutionListener]
20-05-2022 11:44:39.996 [main] INFO  o.s.t.c.s.DefaultTestContextBootstrapper - Using TestExecutionListeners: [org.springframework.test.context.web.ServletTestExecutionListener@3fef1e6b, org.springframework.test.context.support.DirtiesContextBeforeModesTestExecutionListener@4fee14b, org.springframework.boot.test.mock.mockito.MockitoTestExecutionListener@11c3d22f, org.springframework.test.context.support.DependencyInjectionTestExecutionListener@3a54638b, org.springframework.test.context.support.DirtiesContextTestExecutionListener@7d8f2eec, org.springframework.test.context.transaction.TransactionalTestExecutionListener@e886caf, org.springframework.test.context.jdbc.SqlScriptsTestExecutionListener@1d585fb, org.springframework.test.context.event.EventPublishingTestExecutionListener@1884e671, org.springframework.security.test.context.support.WithSecurityContextTestExecutionListener@1c7843c3, org.springframework.security.test.context.support.ReactorContextTestExecutionListener@5158a9f7, org.springframework.boot.test.mock.mockito.ResetMocksTestExecutionListener@7c8f047a, org.springframework.boot.test.autoconfigure.restdocs.RestDocsTestExecutionListener@4387d2f4, org.springframework.boot.test.autoconfigure.web.client.MockRestServiceServerResetTestExecutionListener@1dbff71c, org.springframework.boot.test.autoconfigure.web.servlet.MockMvcPrintOnlyOnFailureTestExecutionListener@93ce24d, org.springframework.boot.test.autoconfigure.web.servlet.WebDriverTestExecutionListener@d949bc4, org.springframework.boot.test.autoconfigure.webservices.client.MockWebServiceServerTestExecutionListener@7079f8f0]
20-05-2022 11:44:40.004 [main] INFO  o.s.t.c.s.AbstractContextLoader - Could not detect default resource locations for test class [cz.cvut.kbss.ear.race.dao.BaseDaoTestRunner]: no resource found for suffixes {-context.xml, Context.groovy}.
20-05-2022 11:44:40.006 [main] INFO  o.s.b.t.a.o.j.DataJpaTestContextBootstrapper - Loaded default TestExecutionListener class names from location [META-INF/spring.factories]: [org.springframework.boot.test.mock.mockito.MockitoTestExecutionListener, org.springframework.boot.test.mock.mockito.ResetMocksTestExecutionListener, org.springframework.boot.test.autoconfigure.restdocs.RestDocsTestExecutionListener, org.springframework.boot.test.autoconfigure.web.client.MockRestServiceServerResetTestExecutionListener, org.springframework.boot.test.autoconfigure.web.servlet.MockMvcPrintOnlyOnFailureTestExecutionListener, org.springframework.boot.test.autoconfigure.web.servlet.WebDriverTestExecutionListener, org.springframework.boot.test.autoconfigure.webservices.client.MockWebServiceServerTestExecutionListener, org.springframework.test.context.web.ServletTestExecutionListener, org.springframework.test.context.support.DirtiesContextBeforeModesTestExecutionListener, org.springframework.test.context.support.DependencyInjectionTestExecutionListener, org.springframework.test.context.support.DirtiesContextTestExecutionListener, org.springframework.test.context.transaction.TransactionalTestExecutionListener, org.springframework.test.context.jdbc.SqlScriptsTestExecutionListener, org.springframework.test.context.event.EventPublishingTestExecutionListener, org.springframework.security.test.context.support.WithSecurityContextTestExecutionListener, org.springframework.security.test.context.support.ReactorContextTestExecutionListener]
20-05-2022 11:44:40.007 [main] INFO  o.s.b.t.a.o.j.DataJpaTestContextBootstrapper - Using TestExecutionListeners: [org.springframework.test.context.web.ServletTestExecutionListener@669c2b07, org.springframework.test.context.support.DirtiesContextBeforeModesTestExecutionListener@1b1ea1d9, org.springframework.boot.test.mock.mockito.MockitoTestExecutionListener@6a902015, org.springframework.boot.test.autoconfigure.SpringBootDependencyInjectionTestExecutionListener@55d99dc3, org.springframework.test.context.support.DirtiesContextTestExecutionListener@521a506c, org.springframework.test.context.transaction.TransactionalTestExecutionListener@3c64339f, org.springframework.test.context.jdbc.SqlScriptsTestExecutionListener@579f3c8e, org.springframework.test.context.event.EventPublishingTestExecutionListener@4eb1943b, org.springframework.security.test.context.support.WithSecurityContextTestExecutionListener@4e2824b1, org.springframework.security.test.context.support.ReactorContextTestExecutionListener@534d0e20, org.springframework.boot.test.mock.mockito.ResetMocksTestExecutionListener@7d18338b, org.springframework.boot.test.autoconfigure.restdocs.RestDocsTestExecutionListener@3f4a605f, org.springframework.boot.test.autoconfigure.web.client.MockRestServiceServerResetTestExecutionListener@30c8c6ab, org.springframework.boot.test.autoconfigure.web.servlet.MockMvcPrintOnlyOnFailureTestExecutionListener@bcfe29c, org.springframework.boot.test.autoconfigure.web.servlet.WebDriverTestExecutionListener@37f71c05, org.springframework.boot.test.autoconfigure.webservices.client.MockWebServiceServerTestExecutionListener@5bd3ca3c]
20-05-2022 11:44:40.008 [main] INFO  o.s.b.t.a.o.j.DataJpaTestContextBootstrapper - Neither @ContextConfiguration nor @ContextHierarchy found for test class [cz.cvut.kbss.ear.race.dao.UserDaoTest], using SpringBootContextLoader
20-05-2022 11:44:40.008 [main] INFO  o.s.t.c.s.AbstractContextLoader - Could not detect default resource locations for test class [cz.cvut.kbss.ear.race.dao.UserDaoTest]: no resource found for suffixes {-context.xml, Context.groovy}.
20-05-2022 11:44:40.008 [main] INFO  o.s.t.c.s.AnnotationConfigContextLoaderUtils - Could not detect default configuration classes for test class [cz.cvut.kbss.ear.race.dao.UserDaoTest]: UserDaoTest does not declare any static, non-private, non-final, nested classes annotated with @Configuration.
20-05-2022 11:44:40.011 [main] INFO  o.s.b.t.c.SpringBootTestContextBootstrapper - Found @SpringBootConfiguration cz.cvut.kbss.ear.race.RacingOrgApp for test class cz.cvut.kbss.ear.race.dao.UserDaoTest
20-05-2022 11:44:40.011 [main] INFO  o.s.b.t.a.o.j.DataJpaTestContextBootstrapper - Loaded default TestExecutionListener class names from location [META-INF/spring.factories]: [org.springframework.boot.test.mock.mockito.MockitoTestExecutionListener, org.springframework.boot.test.mock.mockito.ResetMocksTestExecutionListener, org.springframework.boot.test.autoconfigure.restdocs.RestDocsTestExecutionListener, org.springframework.boot.test.autoconfigure.web.client.MockRestServiceServerResetTestExecutionListener, org.springframework.boot.test.autoconfigure.web.servlet.MockMvcPrintOnlyOnFailureTestExecutionListener, org.springframework.boot.test.autoconfigure.web.servlet.WebDriverTestExecutionListener, org.springframework.boot.test.autoconfigure.webservices.client.MockWebServiceServerTestExecutionListener, org.springframework.test.context.web.ServletTestExecutionListener, org.springframework.test.context.support.DirtiesContextBeforeModesTestExecutionListener, org.springframework.test.context.support.DependencyInjectionTestExecutionListener, org.springframework.test.context.support.DirtiesContextTestExecutionListener, org.springframework.test.context.transaction.TransactionalTestExecutionListener, org.springframework.test.context.jdbc.SqlScriptsTestExecutionListener, org.springframework.test.context.event.EventPublishingTestExecutionListener, org.springframework.security.test.context.support.WithSecurityContextTestExecutionListener, org.springframework.security.test.context.support.ReactorContextTestExecutionListener]
20-05-2022 11:44:40.011 [main] INFO  o.s.b.t.a.o.j.DataJpaTestContextBootstrapper - Using TestExecutionListeners: [org.springframework.test.context.web.ServletTestExecutionListener@7b8b07ae, org.springframework.test.context.support.DirtiesContextBeforeModesTestExecutionListener@19ec5357, org.springframework.boot.test.mock.mockito.MockitoTestExecutionListener@351d93bd, org.springframework.boot.test.autoconfigure.SpringBootDependencyInjectionTestExecutionListener@61c5fd78, org.springframework.test.context.support.DirtiesContextTestExecutionListener@42503099, org.springframework.test.context.transaction.TransactionalTestExecutionListener@39dda56f, org.springframework.test.context.jdbc.SqlScriptsTestExecutionListener@60844992, org.springframework.test.context.event.EventPublishingTestExecutionListener@2ee456c7, org.springframework.security.test.context.support.WithSecurityContextTestExecutionListener@6df37f7a, org.springframework.security.test.context.support.ReactorContextTestExecutionListener@39514976, org.springframework.boot.test.mock.mockito.ResetMocksTestExecutionListener@7bdb4f17, org.springframework.boot.test.autoconfigure.restdocs.RestDocsTestExecutionListener@77856cc5, org.springframework.boot.test.autoconfigure.web.client.MockRestServiceServerResetTestExecutionListener@1fbd5e0, org.springframework.boot.test.autoconfigure.web.servlet.MockMvcPrintOnlyOnFailureTestExecutionListener@32d22650, org.springframework.boot.test.autoconfigure.web.servlet.WebDriverTestExecutionListener@135064ea, org.springframework.boot.test.autoconfigure.webservices.client.MockWebServiceServerTestExecutionListener@4f6fd101]
20-05-2022 11:44:40.014 [main] INFO  o.s.t.c.s.DefaultTestContextBootstrapper - Loaded default TestExecutionListener class names from location [META-INF/spring.factories]: [org.springframework.boot.test.mock.mockito.MockitoTestExecutionListener, org.springframework.boot.test.mock.mockito.ResetMocksTestExecutionListener, org.springframework.boot.test.autoconfigure.restdocs.RestDocsTestExecutionListener, org.springframework.boot.test.autoconfigure.web.client.MockRestServiceServerResetTestExecutionListener, org.springframework.boot.test.autoconfigure.web.servlet.MockMvcPrintOnlyOnFailureTestExecutionListener, org.springframework.boot.test.autoconfigure.web.servlet.WebDriverTestExecutionListener, org.springframework.boot.test.autoconfigure.webservices.client.MockWebServiceServerTestExecutionListener, org.springframework.test.context.web.ServletTestExecutionListener, org.springframework.test.context.support.DirtiesContextBeforeModesTestExecutionListener, org.springframework.test.context.support.DependencyInjectionTestExecutionListener, org.springframework.test.context.support.DirtiesContextTestExecutionListener, org.springframework.test.context.transaction.TransactionalTestExecutionListener, org.springframework.test.context.jdbc.SqlScriptsTestExecutionListener, org.springframework.test.context.event.EventPublishingTestExecutionListener, org.springframework.security.test.context.support.WithSecurityContextTestExecutionListener, org.springframework.security.test.context.support.ReactorContextTestExecutionListener]
20-05-2022 11:44:40.014 [main] INFO  o.s.t.c.s.DefaultTestContextBootstrapper - Using TestExecutionListeners: [org.springframework.test.context.web.ServletTestExecutionListener@23c05889, org.springframework.test.context.support.DirtiesContextBeforeModesTestExecutionListener@12166229, org.springframework.boot.test.mock.mockito.MockitoTestExecutionListener@208e5b23, org.springframework.test.context.support.DependencyInjectionTestExecutionListener@2bcb1414, org.springframework.test.context.support.DirtiesContextTestExecutionListener@aee05f4, org.springframework.test.context.transaction.TransactionalTestExecutionListener@2b4829aa, org.springframework.test.context.jdbc.SqlScriptsTestExecutionListener@794d28a3, org.springframework.test.context.event.EventPublishingTestExecutionListener@a55e82a, org.springframework.security.test.context.support.WithSecurityContextTestExecutionListener@70ee9d31, org.springframework.security.test.context.support.ReactorContextTestExecutionListener@1a01ffff, org.springframework.boot.test.mock.mockito.ResetMocksTestExecutionListener@a99c42c, org.springframework.boot.test.autoconfigure.restdocs.RestDocsTestExecutionListener@2fa879ed, org.springframework.boot.test.autoconfigure.web.client.MockRestServiceServerResetTestExecutionListener@2b2b7e3c, org.springframework.boot.test.autoconfigure.web.servlet.MockMvcPrintOnlyOnFailureTestExecutionListener@3ec082a1, org.springframework.boot.test.autoconfigure.web.servlet.WebDriverTestExecutionListener@7a3c99f1, org.springframework.boot.test.autoconfigure.webservices.client.MockWebServiceServerTestExecutionListener@16b7e04a]
20-05-2022 11:44:40.016 [main] INFO  o.s.t.c.s.DefaultTestContextBootstrapper - Loaded default TestExecutionListener class names from location [META-INF/spring.factories]: [org.springframework.boot.test.mock.mockito.MockitoTestExecutionListener, org.springframework.boot.test.mock.mockito.ResetMocksTestExecutionListener, org.springframework.boot.test.autoconfigure.restdocs.RestDocsTestExecutionListener, org.springframework.boot.test.autoconfigure.web.client.MockRestServiceServerResetTestExecutionListener, org.springframework.boot.test.autoconfigure.web.servlet.MockMvcPrintOnlyOnFailureTestExecutionListener, org.springframework.boot.test.autoconfigure.web.servlet.WebDriverTestExecutionListener, org.springframework.boot.test.autoconfigure.webservices.client.MockWebServiceServerTestExecutionListener, org.springframework.test.context.web.ServletTestExecutionListener, org.springframework.test.context.support.DirtiesContextBeforeModesTestExecutionListener, org.springframework.test.context.support.DependencyInjectionTestExecutionListener, org.springframework.test.context.support.DirtiesContextTestExecutionListener, org.springframework.test.context.transaction.TransactionalTestExecutionListener, org.springframework.test.context.jdbc.SqlScriptsTestExecutionListener, org.springframework.test.context.event.EventPublishingTestExecutionListener, org.springframework.security.test.context.support.WithSecurityContextTestExecutionListener, org.springframework.security.test.context.support.ReactorContextTestExecutionListener]
20-05-2022 11:44:40.016 [main] INFO  o.s.t.c.s.DefaultTestContextBootstrapper - Using TestExecutionListeners: [org.springframework.test.context.web.ServletTestExecutionListener@6b030101, org.springframework.test.context.support.DirtiesContextBeforeModesTestExecutionListener@60a4e619, org.springframework.boot.test.mock.mockito.MockitoTestExecutionListener@2bb3f39e, org.springframework.test.context.support.DependencyInjectionTestExecutionListener@11f3400c, org.springframework.test.context.support.DirtiesContextTestExecutionListener@628b503a, org.springframework.test.context.transaction.TransactionalTestExecutionListener@2558f65c, org.springframework.test.context.jdbc.SqlScriptsTestExecutionListener@11c3ce6a, org.springframework.test.context.event.EventPublishingTestExecutionListener@1a3b1f7e, org.springframework.security.test.context.support.WithSecurityContextTestExecutionListener@22899683, org.springframework.security.test.context.support.ReactorContextTestExecutionListener@40017e98, org.springframework.boot.test.mock.mockito.ResetMocksTestExecutionListener@4fbe486c, org.springframework.boot.test.autoconfigure.restdocs.RestDocsTestExecutionListener@dbc7e0a, org.springframework.boot.test.autoconfigure.web.client.MockRestServiceServerResetTestExecutionListener@636fccb0, org.springframework.boot.test.autoconfigure.web.servlet.MockMvcPrintOnlyOnFailureTestExecutionListener@28519bfb, org.springframework.boot.test.autoconfigure.web.servlet.WebDriverTestExecutionListener@15914bb5, org.springframework.boot.test.autoconfigure.webservices.client.MockWebServiceServerTestExecutionListener@7b332b23]
20-05-2022 11:44:40.019 [main] INFO  o.s.t.c.s.DefaultTestContextBootstrapper - Loaded default TestExecutionListener class names from location [META-INF/spring.factories]: [org.springframework.boot.test.mock.mockito.MockitoTestExecutionListener, org.springframework.boot.test.mock.mockito.ResetMocksTestExecutionListener, org.springframework.boot.test.autoconfigure.restdocs.RestDocsTestExecutionListener, org.springframework.boot.test.autoconfigure.web.client.MockRestServiceServerResetTestExecutionListener, org.springframework.boot.test.autoconfigure.web.servlet.MockMvcPrintOnlyOnFailureTestExecutionListener, org.springframework.boot.test.autoconfigure.web.servlet.WebDriverTestExecutionListener, org.springframework.boot.test.autoconfigure.webservices.client.MockWebServiceServerTestExecutionListener, org.springframework.test.context.web.ServletTestExecutionListener, org.springframework.test.context.support.DirtiesContextBeforeModesTestExecutionListener, org.springframework.test.context.support.DependencyInjectionTestExecutionListener, org.springframework.test.context.support.DirtiesContextTestExecutionListener, org.springframework.test.context.transaction.TransactionalTestExecutionListener, org.springframework.test.context.jdbc.SqlScriptsTestExecutionListener, org.springframework.test.context.event.EventPublishingTestExecutionListener, org.springframework.security.test.context.support.WithSecurityContextTestExecutionListener, org.springframework.security.test.context.support.ReactorContextTestExecutionListener]
20-05-2022 11:44:40.019 [main] INFO  o.s.t.c.s.DefaultTestContextBootstrapper - Using TestExecutionListeners: [org.springframework.test.context.web.ServletTestExecutionListener@3fd5d679, org.springframework.test.context.support.DirtiesContextBeforeModesTestExecutionListener@7aa15a80, org.springframework.boot.test.mock.mockito.MockitoTestExecutionListener@4d065e1a, org.springframework.test.context.support.DependencyInjectionTestExecutionListener@7c4ca87c, org.springframework.test.context.support.DirtiesContextTestExecutionListener@6dbbdf92, org.springframework.test.context.transaction.TransactionalTestExecutionListener@1dbeedff, org.springframework.test.context.jdbc.SqlScriptsTestExecutionListener@62b786dc, org.springframework.test.context.event.EventPublishingTestExecutionListener@7ba1cdbe, org.springframework.security.test.context.support.WithSecurityContextTestExecutionListener@48d5ca17, org.springframework.security.test.context.support.ReactorContextTestExecutionListener@226e07e7, org.springframework.boot.test.mock.mockito.ResetMocksTestExecutionListener@7c31e410, org.springframework.boot.test.autoconfigure.restdocs.RestDocsTestExecutionListener@9880a15, org.springframework.boot.test.autoconfigure.web.client.MockRestServiceServerResetTestExecutionListener@6febec41, org.springframework.boot.test.autoconfigure.web.servlet.MockMvcPrintOnlyOnFailureTestExecutionListener@3de88f64, org.springframework.boot.test.autoconfigure.web.servlet.WebDriverTestExecutionListener@4e8afdad, org.springframework.boot.test.autoconfigure.webservices.client.MockWebServiceServerTestExecutionListener@79b8ecb]
20-05-2022 11:44:40.021 [main] INFO  o.s.t.c.s.DefaultTestContextBootstrapper - Loaded default TestExecutionListener class names from location [META-INF/spring.factories]: [org.springframework.boot.test.mock.mockito.MockitoTestExecutionListener, org.springframework.boot.test.mock.mockito.ResetMocksTestExecutionListener, org.springframework.boot.test.autoconfigure.restdocs.RestDocsTestExecutionListener, org.springframework.boot.test.autoconfigure.web.client.MockRestServiceServerResetTestExecutionListener, org.springframework.boot.test.autoconfigure.web.servlet.MockMvcPrintOnlyOnFailureTestExecutionListener, org.springframework.boot.test.autoconfigure.web.servlet.WebDriverTestExecutionListener, org.springframework.boot.test.autoconfigure.webservices.client.MockWebServiceServerTestExecutionListener, org.springframework.test.context.web.ServletTestExecutionListener, org.springframework.test.context.support.DirtiesContextBeforeModesTestExecutionListener, org.springframework.test.context.support.DependencyInjectionTestExecutionListener, org.springframework.test.context.support.DirtiesContextTestExecutionListener, org.springframework.test.context.transaction.TransactionalTestExecutionListener, org.springframework.test.context.jdbc.SqlScriptsTestExecutionListener, org.springframework.test.context.event.EventPublishingTestExecutionListener, org.springframework.security.test.context.support.WithSecurityContextTestExecutionListener, org.springframework.security.test.context.support.ReactorContextTestExecutionListener]
20-05-2022 11:44:40.022 [main] INFO  o.s.t.c.s.DefaultTestContextBootstrapper - Using TestExecutionListeners: [org.springframework.test.context.web.ServletTestExecutionListener@2c1ea7be, org.springframework.test.context.support.DirtiesContextBeforeModesTestExecutionListener@2493eec6, org.springframework.boot.test.mock.mockito.MockitoTestExecutionListener@42d174ad, org.springframework.test.context.support.DependencyInjectionTestExecutionListener@4ec0229c, org.springframework.test.context.support.DirtiesContextTestExecutionListener@173a5fad, org.springframework.test.context.transaction.TransactionalTestExecutionListener@2ce47652, org.springframework.test.context.jdbc.SqlScriptsTestExecutionListener@65d90b7f, org.springframework.test.context.event.EventPublishingTestExecutionListener@2a42019a, org.springframework.security.test.context.support.WithSecurityContextTestExecutionListener@6fc0e448, org.springframework.security.test.context.support.ReactorContextTestExecutionListener@60194904, org.springframework.boot.test.mock.mockito.ResetMocksTestExecutionListener@4db6348b, org.springframework.boot.test.autoconfigure.restdocs.RestDocsTestExecutionListener@7742a276, org.springframework.boot.test.autoconfigure.web.client.MockRestServiceServerResetTestExecutionListener@1f48fa72, org.springframework.boot.test.autoconfigure.web.servlet.MockMvcPrintOnlyOnFailureTestExecutionListener@35b3c1f6, org.springframework.boot.test.autoconfigure.web.servlet.WebDriverTestExecutionListener@495da9a7, org.springframework.boot.test.autoconfigure.webservices.client.MockWebServiceServerTestExecutionListener@2beee3e8]
20-05-2022 11:44:40.026 [main] INFO  o.s.t.c.s.DefaultTestContextBootstrapper - Loaded default TestExecutionListener class names from location [META-INF/spring.factories]: [org.springframework.boot.test.mock.mockito.MockitoTestExecutionListener, org.springframework.boot.test.mock.mockito.ResetMocksTestExecutionListener, org.springframework.boot.test.autoconfigure.restdocs.RestDocsTestExecutionListener, org.springframework.boot.test.autoconfigure.web.client.MockRestServiceServerResetTestExecutionListener, org.springframework.boot.test.autoconfigure.web.servlet.MockMvcPrintOnlyOnFailureTestExecutionListener, org.springframework.boot.test.autoconfigure.web.servlet.WebDriverTestExecutionListener, org.springframework.boot.test.autoconfigure.webservices.client.MockWebServiceServerTestExecutionListener, org.springframework.test.context.web.ServletTestExecutionListener, org.springframework.test.context.support.DirtiesContextBeforeModesTestExecutionListener, org.springframework.test.context.support.DependencyInjectionTestExecutionListener, org.springframework.test.context.support.DirtiesContextTestExecutionListener, org.springframework.test.context.transaction.TransactionalTestExecutionListener, org.springframework.test.context.jdbc.SqlScriptsTestExecutionListener, org.springframework.test.context.event.EventPublishingTestExecutionListener, org.springframework.security.test.context.support.WithSecurityContextTestExecutionListener, org.springframework.security.test.context.support.ReactorContextTestExecutionListener]
20-05-2022 11:44:40.028 [main] INFO  o.s.t.c.s.DefaultTestContextBootstrapper - Using TestExecutionListeners: [org.springframework.test.context.web.ServletTestExecutionListener@2c56eba5, org.springframework.test.context.support.DirtiesContextBeforeModesTestExecutionListener@6231f77a, org.springframework.boot.test.mock.mockito.MockitoTestExecutionListener@290c266c, org.springframework.test.context.support.DependencyInjectionTestExecutionListener@75b363c3, org.springframework.test.context.support.DirtiesContextTestExecutionListener@6ea3a513, org.springframework.test.context.transaction.TransactionalTestExecutionListener@3c4059a, org.springframework.test.context.jdbc.SqlScriptsTestExecutionListener@4b336cc8, org.springframework.test.context.event.EventPublishingTestExecutionListener@2570b316, org.springframework.security.test.context.support.WithSecurityContextTestExecutionListener@56881196, org.springframework.security.test.context.support.ReactorContextTestExecutionListener@75c33608, org.springframework.boot.test.mock.mockito.ResetMocksTestExecutionListener@25464154, org.springframework.boot.test.autoconfigure.restdocs.RestDocsTestExecutionListener@58ebee9, org.springframework.boot.test.autoconfigure.web.client.MockRestServiceServerResetTestExecutionListener@131c0b6f, org.springframework.boot.test.autoconfigure.web.servlet.MockMvcPrintOnlyOnFailureTestExecutionListener@7f030c72, org.springframework.boot.test.autoconfigure.web.servlet.WebDriverTestExecutionListener@68d8ae27, org.springframework.boot.test.autoconfigure.webservices.client.MockWebServiceServerTestExecutionListener@18513c23]
20-05-2022 11:44:40.030 [main] INFO  o.s.t.c.s.DefaultTestContextBootstrapper - Loaded default TestExecutionListener class names from location [META-INF/spring.factories]: [org.springframework.boot.test.mock.mockito.MockitoTestExecutionListener, org.springframework.boot.test.mock.mockito.ResetMocksTestExecutionListener, org.springframework.boot.test.autoconfigure.restdocs.RestDocsTestExecutionListener, org.springframework.boot.test.autoconfigure.web.client.MockRestServiceServerResetTestExecutionListener, org.springframework.boot.test.autoconfigure.web.servlet.MockMvcPrintOnlyOnFailureTestExecutionListener, org.springframework.boot.test.autoconfigure.web.servlet.WebDriverTestExecutionListener, org.springframework.boot.test.autoconfigure.webservices.client.MockWebServiceServerTestExecutionListener, org.springframework.test.context.web.ServletTestExecutionListener, org.springframework.test.context.support.DirtiesContextBeforeModesTestExecutionListener, org.springframework.test.context.support.DependencyInjectionTestExecutionListener, org.springframework.test.context.support.DirtiesContextTestExecutionListener, org.springframework.test.context.transaction.TransactionalTestExecutionListener, org.springframework.test.context.jdbc.SqlScriptsTestExecutionListener, org.springframework.test.context.event.EventPublishingTestExecutionListener, org.springframework.security.test.context.support.WithSecurityContextTestExecutionListener, org.springframework.security.test.context.support.ReactorContextTestExecutionListener]
20-05-2022 11:44:40.031 [main] INFO  o.s.t.c.s.DefaultTestContextBootstrapper - Using TestExecutionListeners: [org.springframework.test.context.web.ServletTestExecutionListener@2166c48a, org.springframework.test.context.support.DirtiesContextBeforeModesTestExecutionListener@304744a1, org.springframework.boot.test.mock.mockito.MockitoTestExecutionListener@73385d3f, org.springframework.test.context.support.DependencyInjectionTestExecutionListener@6814262d, org.springframework.test.context.support.DirtiesContextTestExecutionListener@7fc1fd31, org.springframework.test.context.transaction.TransactionalTestExecutionListener@75a9cc24, org.springframework.test.context.jdbc.SqlScriptsTestExecutionListener@4449a60b, org.springframework.test.context.event.EventPublishingTestExecutionListener@da5d5e1, org.springframework.security.test.context.support.WithSecurityContextTestExecutionListener@7d7d8911, org.springframework.security.test.context.support.ReactorContextTestExecutionListener@460eb276, org.springframework.boot.test.mock.mockito.ResetMocksTestExecutionListener@4ffe3d42, org.springframework.boot.test.autoconfigure.restdocs.RestDocsTestExecutionListener@6cd7f381, org.springframework.boot.test.autoconfigure.web.client.MockRestServiceServerResetTestExecutionListener@7df3da0b, org.springframework.boot.test.autoconfigure.web.servlet.MockMvcPrintOnlyOnFailureTestExecutionListener@4e5d5ac1, org.springframework.boot.test.autoconfigure.web.servlet.WebDriverTestExecutionListener@70777a65, org.springframework.boot.test.autoconfigure.webservices.client.MockWebServiceServerTestExecutionListener@236fd411]
20-05-2022 11:44:40.032 [main] INFO  o.s.t.c.s.DefaultTestContextBootstrapper - Loaded default TestExecutionListener class names from location [META-INF/spring.factories]: [org.springframework.boot.test.mock.mockito.MockitoTestExecutionListener, org.springframework.boot.test.mock.mockito.ResetMocksTestExecutionListener, org.springframework.boot.test.autoconfigure.restdocs.RestDocsTestExecutionListener, org.springframework.boot.test.autoconfigure.web.client.MockRestServiceServerResetTestExecutionListener, org.springframework.boot.test.autoconfigure.web.servlet.MockMvcPrintOnlyOnFailureTestExecutionListener, org.springframework.boot.test.autoconfigure.web.servlet.WebDriverTestExecutionListener, org.springframework.boot.test.autoconfigure.webservices.client.MockWebServiceServerTestExecutionListener, org.springframework.test.context.web.ServletTestExecutionListener, org.springframework.test.context.support.DirtiesContextBeforeModesTestExecutionListener, org.springframework.test.context.support.DependencyInjectionTestExecutionListener, org.springframework.test.context.support.DirtiesContextTestExecutionListener, org.springframework.test.context.transaction.TransactionalTestExecutionListener, org.springframework.test.context.jdbc.SqlScriptsTestExecutionListener, org.springframework.test.context.event.EventPublishingTestExecutionListener, org.springframework.security.test.context.support.WithSecurityContextTestExecutionListener, org.springframework.security.test.context.support.ReactorContextTestExecutionListener]
20-05-2022 11:44:40.033 [main] INFO  o.s.t.c.s.DefaultTestContextBootstrapper - Using TestExecutionListeners: [org.springframework.test.context.web.ServletTestExecutionListener@288409f0, org.springframework.test.context.support.DirtiesContextBeforeModesTestExecutionListener@7d685f4e, org.springframework.boot.test.mock.mockito.MockitoTestExecutionListener@61eab26b, org.springframework.test.context.support.DependencyInjectionTestExecutionListener@19ac93d2, org.springframework.test.context.support.DirtiesContextTestExecutionListener@116fc29e, org.springframework.test.context.transaction.TransactionalTestExecutionListener@2e426dd2, org.springframework.test.context.jdbc.SqlScriptsTestExecutionListener@1a0ffb9b, org.springframework.test.context.event.EventPublishingTestExecutionListener@67c0c90b, org.springframework.security.test.context.support.WithSecurityContextTestExecutionListener@8549c5f, org.springframework.security.test.context.support.ReactorContextTestExecutionListener@35454c7a, org.springframework.boot.test.mock.mockito.ResetMocksTestExecutionListener@50f3ba6a, org.springframework.boot.test.autoconfigure.restdocs.RestDocsTestExecutionListener@319aa9ee, org.springframework.boot.test.autoconfigure.web.client.MockRestServiceServerResetTestExecutionListener@1d806de6, org.springframework.boot.test.autoconfigure.web.servlet.MockMvcPrintOnlyOnFailureTestExecutionListener@2b9d4b0, org.springframework.boot.test.autoconfigure.web.servlet.WebDriverTestExecutionListener@4f541e67, org.springframework.boot.test.autoconfigure.webservices.client.MockWebServiceServerTestExecutionListener@2be50bba]

  .   ____          _            __ _ _
 /\\ / ___'_ __ _ _(_)_ __  __ _ \ \ \ \
( ( )\___ | '_ | '_| | '_ \/ _` | \ \ \ \
 \\/  ___)| |_)| | | | | || (_| |  ) ) ) )
  '  |____| .__|_| |_|_| |_\__, | / / / /
 =========|_|==============|___/=/_/_/_/
 :: Spring Boot ::        (v2.3.3.RELEASE)

20-05-2022 11:44:40.369 [main] INFO  c.c.k.ear.race.dao.RaceDaoTest - Starting RaceDaoTest on DESKTOP-OI8RF7B with PID 13732 (started by prada in E:\School\Bc\bakalarka\appka\pradaluk)
20-05-2022 11:44:40.370 [main] DEBUG c.c.k.ear.race.dao.RaceDaoTest - Running with Spring Boot v2.3.3.RELEASE, Spring v5.2.8.RELEASE
20-05-2022 11:44:40.372 [main] INFO  c.c.k.ear.race.dao.RaceDaoTest - No active profile set, falling back to default profiles: default
20-05-2022 11:44:40.711 [main] INFO  o.s.d.r.c.RepositoryConfigurationDelegate - Bootstrapping Spring Data JPA repositories in DEFAULT mode.
20-05-2022 11:44:40.724 [main] INFO  o.s.d.r.c.RepositoryConfigurationDelegate - Finished Spring Data repository scanning in 5ms. Found 0 JPA repository interfaces.
20-05-2022 11:44:40.764 [main] INFO  o.s.b.t.a.j.TestDatabaseAutoConfiguration$EmbeddedDataSourceBeanFactoryPostProcessor - Replacing 'dataSource' DataSource bean with embedded version
20-05-2022 11:44:41.012 [main] INFO  o.s.j.d.e.EmbeddedDatabaseFactory - Starting embedded database: url='jdbc:h2:mem:44f718d1-e773-4543-be21-060d4529b9f2;DB_CLOSE_DELAY=-1;DB_CLOSE_ON_EXIT=false', username='sa'
20-05-2022 11:44:41.844 [main] INFO  o.s.o.j.LocalContainerEntityManagerFactoryBean - Initialized JPA EntityManagerFactory for persistence unit 'default'
[EL Info]: 2022-05-20 11:44:42.114--ServerSession(512053880)--EclipseLink, version: Eclipse Persistence Services - 2.7.7.v20200504-69f2c2b80d
[EL Fine]: sql: 2022-05-20 11:44:42.242--ServerSession(512053880)--Connection(929317336)--ALTER TABLE RACE_CAR DROP CONSTRAINT FK_RACE_CAR_OWNER_USER_ID
[EL Fine]: sql: 2022-05-20 11:44:42.248--ServerSession(512053880)--SELECT 1
[EL Fine]: sql: 2022-05-20 11:44:42.269--ServerSession(512053880)--Connection(342936432)--ALTER TABLE joinrequest DROP CONSTRAINT FK_joinrequest_USER_USER_ID
[EL Fine]: sql: 2022-05-20 11:44:42.269--ServerSession(512053880)--SELECT 1
[EL Fine]: sql: 2022-05-20 11:44:42.27--ServerSession(512053880)--Connection(1912850231)--ALTER TABLE RACE DROP CONSTRAINT FK_RACE_CIRCUIT_ID
[EL Fine]: sql: 2022-05-20 11:44:42.27--ServerSession(512053880)--SELECT 1
[EL Fine]: sql: 2022-05-20 11:44:42.271--ServerSession(512053880)--Connection(2021186534)--ALTER TABLE RACE DROP CONSTRAINT FK_RACE_ORGANIZOR_USER_ID
[EL Fine]: sql: 2022-05-20 11:44:42.271--ServerSession(512053880)--SELECT 1
[EL Fine]: sql: 2022-05-20 11:44:42.272--ServerSession(512053880)--Connection(209198082)--ALTER TABLE RESULT DROP CONSTRAINT FK_RESULT_car_id
[EL Fine]: sql: 2022-05-20 11:44:42.272--ServerSession(512053880)--SELECT 1
[EL Fine]: sql: 2022-05-20 11:44:42.272--ServerSession(512053880)--Connection(1086404858)--ALTER TABLE RESULT DROP CONSTRAINT FK_RESULT_driver_id
[EL Fine]: sql: 2022-05-20 11:44:42.272--ServerSession(512053880)--SELECT 1
[EL Fine]: sql: 2022-05-20 11:44:42.273--ServerSession(512053880)--Connection(134750190)--ALTER TABLE RESULT DROP CONSTRAINT FK_RESULT_race_id
[EL Fine]: sql: 2022-05-20 11:44:42.273--ServerSession(512053880)--SELECT 1
[EL Fine]: sql: 2022-05-20 11:44:42.274--ServerSession(512053880)--Connection(1357512377)--ALTER TABLE RACE_TEAM DROP CONSTRAINT FK_RACE_TEAM_owner
[EL Fine]: sql: 2022-05-20 11:44:42.274--ServerSession(512053880)--SELECT 1
[EL Fine]: sql: 2022-05-20 11:44:42.274--ServerSession(512053880)--Connection(579825292)--ALTER TABLE membership DROP CONSTRAINT FK_membership_USER_USER_ID
[EL Fine]: sql: 2022-05-20 11:44:42.275--ServerSession(512053880)--SELECT 1
[EL Fine]: sql: 2022-05-20 11:44:42.275--ServerSession(512053880)--Connection(895817597)--ALTER TABLE membership DROP CONSTRAINT FK_membership_TEAM_ID
[EL Fine]: sql: 2022-05-20 11:44:42.275--ServerSession(512053880)--SELECT 1
[EL Fine]: sql: 2022-05-20 11:44:42.276--ServerSession(512053880)--Connection(540127501)--ALTER TABLE race_classes DROP CONSTRAINT FK_race_classes_Race_RACE_ID
[EL Fine]: sql: 2022-05-20 11:44:42.276--ServerSession(512053880)--SELECT 1
[EL Fine]: sql: 2022-05-20 11:44:42.276--ServerSession(512053880)--Connection(1827325158)--ALTER TABLE RACE_TEAM_joinrequest DROP CONSTRAINT FK_RACE_TEAM_joinrequest_joinRequests_ID
[EL Fine]: sql: 2022-05-20 11:44:42.277--ServerSession(512053880)--SELECT 1
[EL Fine]: sql: 2022-05-20 11:44:42.277--ServerSession(512053880)--Connection(643528711)--ALTER TABLE RACE_TEAM_joinrequest DROP CONSTRAINT FK_RACE_TEAM_joinrequest_Team_ID
[EL Fine]: sql: 2022-05-20 11:44:42.277--ServerSession(512053880)--SELECT 1
[EL Fine]: sql: 2022-05-20 11:44:42.278--ServerSession(512053880)--Connection(1293024630)--DROP TABLE RACE_CAR
[EL Fine]: sql: 2022-05-20 11:44:42.279--ServerSession(512053880)--SELECT 1
[EL Fine]: sql: 2022-05-20 11:44:42.28--ServerSession(512053880)--Connection(1185415813)--DROP TABLE RACE_CIRCUIT
[EL Fine]: sql: 2022-05-20 11:44:42.28--ServerSession(512053880)--SELECT 1
[EL Fine]: sql: 2022-05-20 11:44:42.281--ServerSession(512053880)--Connection(767896766)--DROP TABLE joinrequest
[EL Fine]: sql: 2022-05-20 11:44:42.281--ServerSession(512053880)--SELECT 1
[EL Fine]: sql: 2022-05-20 11:44:42.281--ServerSession(512053880)--Connection(1608127377)--DROP TABLE RACE
[EL Fine]: sql: 2022-05-20 11:44:42.281--ServerSession(512053880)--SELECT 1
[EL Fine]: sql: 2022-05-20 11:44:42.282--ServerSession(512053880)--Connection(934557363)--DROP TABLE RESULT
[EL Fine]: sql: 2022-05-20 11:44:42.282--ServerSession(512053880)--SELECT 1
[EL Fine]: sql: 2022-05-20 11:44:42.282--ServerSession(512053880)--Connection(1303227286)--DROP TABLE RACE_TEAM
[EL Fine]: sql: 2022-05-20 11:44:42.283--ServerSession(512053880)--SELECT 1
[EL Fine]: sql: 2022-05-20 11:44:42.283--ServerSession(512053880)--Connection(1086258560)--DROP TABLE membership
[EL Fine]: sql: 2022-05-20 11:44:42.283--ServerSession(512053880)--SELECT 1
[EL Fine]: sql: 2022-05-20 11:44:42.284--ServerSession(512053880)--Connection(867263149)--DROP TABLE APP_USER
[EL Fine]: sql: 2022-05-20 11:44:42.284--ServerSession(512053880)--SELECT 1
[EL Fine]: sql: 2022-05-20 11:44:42.285--ServerSession(512053880)--Connection(1313920043)--DROP TABLE race_classes
[EL Fine]: sql: 2022-05-20 11:44:42.285--ServerSession(512053880)--SELECT 1
[EL Fine]: sql: 2022-05-20 11:44:42.285--ServerSession(512053880)--Connection(275188348)--DROP TABLE RACE_TEAM_joinrequest
[EL Fine]: sql: 2022-05-20 11:44:42.286--ServerSession(512053880)--SELECT 1
[EL Fine]: sql: 2022-05-20 11:44:42.286--ServerSession(512053880)--Connection(568910887)--DROP TABLE RACE_CAR
[EL Fine]: sql: 2022-05-20 11:44:42.286--ServerSession(512053880)--SELECT 1
[EL Fine]: sql: 2022-05-20 11:44:42.287--ServerSession(512053880)--Connection(80406167)--DROP TABLE RACE_CIRCUIT
[EL Fine]: sql: 2022-05-20 11:44:42.287--ServerSession(512053880)--SELECT 1
[EL Fine]: sql: 2022-05-20 11:44:42.287--ServerSession(512053880)--Connection(338284616)--DROP TABLE joinrequest
[EL Fine]: sql: 2022-05-20 11:44:42.288--ServerSession(512053880)--SELECT 1
[EL Fine]: sql: 2022-05-20 11:44:42.288--ServerSession(512053880)--Connection(760407438)--DROP TABLE RACE
[EL Fine]: sql: 2022-05-20 11:44:42.288--ServerSession(512053880)--SELECT 1
[EL Fine]: sql: 2022-05-20 11:44:42.289--ServerSession(512053880)--Connection(53113829)--DROP TABLE RESULT
[EL Fine]: sql: 2022-05-20 11:44:42.289--ServerSession(512053880)--SELECT 1
[EL Fine]: sql: 2022-05-20 11:44:42.29--ServerSession(512053880)--Connection(1538881731)--DROP TABLE RACE_TEAM
[EL Fine]: sql: 2022-05-20 11:44:42.29--ServerSession(512053880)--SELECT 1
[EL Fine]: sql: 2022-05-20 11:44:42.29--ServerSession(512053880)--Connection(1284085340)--DROP TABLE membership
[EL Fine]: sql: 2022-05-20 11:44:42.29--ServerSession(512053880)--SELECT 1
[EL Fine]: sql: 2022-05-20 11:44:42.291--ServerSession(512053880)--Connection(783174750)--DROP TABLE APP_USER
[EL Fine]: sql: 2022-05-20 11:44:42.291--ServerSession(512053880)--SELECT 1
[EL Fine]: sql: 2022-05-20 11:44:42.291--ServerSession(512053880)--Connection(510421585)--DROP TABLE race_classes
[EL Fine]: sql: 2022-05-20 11:44:42.292--ServerSession(512053880)--SELECT 1
[EL Fine]: sql: 2022-05-20 11:44:42.292--ServerSession(512053880)--Connection(1123247748)--DROP TABLE RACE_TEAM_joinrequest
[EL Fine]: sql: 2022-05-20 11:44:42.292--ServerSession(512053880)--SELECT 1
[EL Fine]: sql: 2022-05-20 11:44:42.293--ServerSession(512053880)--Connection(144085869)--DROP TABLE RACE_CAR
[EL Fine]: sql: 2022-05-20 11:44:42.293--ServerSession(512053880)--SELECT 1
[EL Fine]: sql: 2022-05-20 11:44:42.294--ServerSession(512053880)--Connection(1574607710)--DROP TABLE RACE_CIRCUIT
[EL Fine]: sql: 2022-05-20 11:44:42.294--ServerSession(512053880)--SELECT 1
[EL Fine]: sql: 2022-05-20 11:44:42.294--ServerSession(512053880)--Connection(362521378)--DROP TABLE joinrequest
[EL Fine]: sql: 2022-05-20 11:44:42.294--ServerSession(512053880)--SELECT 1
[EL Fine]: sql: 2022-05-20 11:44:42.295--ServerSession(512053880)--Connection(775418041)--DROP TABLE RACE
[EL Fine]: sql: 2022-05-20 11:44:42.295--ServerSession(512053880)--SELECT 1
[EL Fine]: sql: 2022-05-20 11:44:42.295--ServerSession(512053880)--Connection(1293734629)--DROP TABLE RESULT
[EL Fine]: sql: 2022-05-20 11:44:42.295--ServerSession(512053880)--SELECT 1
[EL Fine]: sql: 2022-05-20 11:44:42.296--ServerSession(512053880)--Connection(999925989)--DROP TABLE RACE_TEAM
[EL Fine]: sql: 2022-05-20 11:44:42.296--ServerSession(512053880)--SELECT 1
[EL Fine]: sql: 2022-05-20 11:44:42.297--ServerSession(512053880)--Connection(190753563)--DROP TABLE membership
[EL Fine]: sql: 2022-05-20 11:44:42.297--ServerSession(512053880)--SELECT 1
[EL Fine]: sql: 2022-05-20 11:44:42.297--ServerSession(512053880)--Connection(1638445036)--DROP TABLE APP_USER
[EL Fine]: sql: 2022-05-20 11:44:42.297--ServerSession(512053880)--SELECT 1
[EL Fine]: sql: 2022-05-20 11:44:42.298--ServerSession(512053880)--Connection(1604723983)--DROP TABLE race_classes
[EL Fine]: sql: 2022-05-20 11:44:42.298--ServerSession(512053880)--SELECT 1
[EL Fine]: sql: 2022-05-20 11:44:42.298--ServerSession(512053880)--Connection(1361995077)--DROP TABLE RACE_TEAM_joinrequest
[EL Fine]: sql: 2022-05-20 11:44:42.299--ServerSession(512053880)--SELECT 1
[EL Fine]: sql: 2022-05-20 11:44:42.299--ServerSession(512053880)--Connection(1206809341)--DROP TABLE RACE_CAR
[EL Fine]: sql: 2022-05-20 11:44:42.299--ServerSession(512053880)--SELECT 1
[EL Fine]: sql: 2022-05-20 11:44:42.3--ServerSession(512053880)--Connection(1001465769)--DROP TABLE RACE_CIRCUIT
[EL Fine]: sql: 2022-05-20 11:44:42.3--ServerSession(512053880)--SELECT 1
[EL Fine]: sql: 2022-05-20 11:44:42.3--ServerSession(512053880)--Connection(1837562022)--DROP TABLE joinrequest
[EL Fine]: sql: 2022-05-20 11:44:42.3--ServerSession(512053880)--SELECT 1
[EL Fine]: sql: 2022-05-20 11:44:42.301--ServerSession(512053880)--Connection(1591339511)--DROP TABLE RACE
[EL Fine]: sql: 2022-05-20 11:44:42.301--ServerSession(512053880)--SELECT 1
[EL Fine]: sql: 2022-05-20 11:44:42.301--ServerSession(512053880)--Connection(715923829)--DROP TABLE RESULT
[EL Fine]: sql: 2022-05-20 11:44:42.301--ServerSession(512053880)--SELECT 1
[EL Fine]: sql: 2022-05-20 11:44:42.302--ServerSession(512053880)--Connection(686808273)--DROP TABLE RACE_TEAM
[EL Fine]: sql: 2022-05-20 11:44:42.302--ServerSession(512053880)--SELECT 1
[EL Fine]: sql: 2022-05-20 11:44:42.302--ServerSession(512053880)--Connection(255873248)--DROP TABLE membership
[EL Fine]: sql: 2022-05-20 11:44:42.303--ServerSession(512053880)--SELECT 1
[EL Fine]: sql: 2022-05-20 11:44:42.303--ServerSession(512053880)--Connection(586600816)--DROP TABLE APP_USER
[EL Fine]: sql: 2022-05-20 11:44:42.303--ServerSession(512053880)--SELECT 1
[EL Fine]: sql: 2022-05-20 11:44:42.304--ServerSession(512053880)--Connection(1627903399)--DROP TABLE race_classes
[EL Fine]: sql: 2022-05-20 11:44:42.304--ServerSession(512053880)--SELECT 1
[EL Fine]: sql: 2022-05-20 11:44:42.304--ServerSession(512053880)--Connection(1121534)--DROP TABLE RACE_TEAM_joinrequest
[EL Fine]: sql: 2022-05-20 11:44:42.304--ServerSession(512053880)--SELECT 1
[EL Fine]: sql: 2022-05-20 11:44:42.305--ServerSession(512053880)--Connection(1053038179)--DROP TABLE RACE_CAR
[EL Fine]: sql: 2022-05-20 11:44:42.305--ServerSession(512053880)--SELECT 1
[EL Fine]: sql: 2022-05-20 11:44:42.305--ServerSession(512053880)--Connection(1008589947)--DROP TABLE RACE_CIRCUIT
[EL Fine]: sql: 2022-05-20 11:44:42.305--ServerSession(512053880)--SELECT 1
[EL Fine]: sql: 2022-05-20 11:44:42.306--ServerSession(512053880)--Connection(2035276363)--DROP TABLE joinrequest
[EL Fine]: sql: 2022-05-20 11:44:42.306--ServerSession(512053880)--SELECT 1
[EL Fine]: sql: 2022-05-20 11:44:42.306--ServerSession(512053880)--Connection(1082960853)--DROP TABLE RACE
[EL Fine]: sql: 2022-05-20 11:44:42.306--ServerSession(512053880)--SELECT 1
[EL Fine]: sql: 2022-05-20 11:44:42.307--ServerSession(512053880)--Connection(2075280716)--DROP TABLE RESULT
[EL Fine]: sql: 2022-05-20 11:44:42.307--ServerSession(512053880)--SELECT 1
[EL Fine]: sql: 2022-05-20 11:44:42.307--ServerSession(512053880)--Connection(641009920)--DROP TABLE RACE_TEAM
[EL Fine]: sql: 2022-05-20 11:44:42.307--ServerSession(512053880)--SELECT 1
[EL Fine]: sql: 2022-05-20 11:44:42.308--ServerSession(512053880)--Connection(484164434)--DROP TABLE membership
[EL Fine]: sql: 2022-05-20 11:44:42.308--ServerSession(512053880)--SELECT 1
[EL Fine]: sql: 2022-05-20 11:44:42.308--ServerSession(512053880)--Connection(665982570)--DROP TABLE APP_USER
[EL Fine]: sql: 2022-05-20 11:44:42.308--ServerSession(512053880)--SELECT 1
[EL Fine]: sql: 2022-05-20 11:44:42.309--ServerSession(512053880)--Connection(1475437407)--DROP TABLE race_classes
[EL Fine]: sql: 2022-05-20 11:44:42.309--ServerSession(512053880)--SELECT 1
[EL Fine]: sql: 2022-05-20 11:44:42.309--ServerSession(512053880)--Connection(2058513106)--DROP TABLE RACE_TEAM_joinrequest
[EL Fine]: sql: 2022-05-20 11:44:42.309--ServerSession(512053880)--SELECT 1
[EL Fine]: sql: 2022-05-20 11:44:42.31--ServerSession(512053880)--Connection(761127993)--CREATE TABLE RACE_CAR (ID INTEGER NOT NULL, CARCLASS VARCHAR NOT NULL, MAKER VARCHAR NOT NULL, MODEL VARCHAR NOT NULL, OWNER_USER_ID INTEGER, PRIMARY KEY (ID))
[EL Fine]: sql: 2022-05-20 11:44:42.316--ServerSession(512053880)--Connection(2146115757)--CREATE TABLE RACE_CIRCUIT (ID INTEGER NOT NULL, LOCATION VARCHAR NOT NULL, NAME VARCHAR NOT NULL UNIQUE, PRIMARY KEY (ID))
[EL Fine]: sql: 2022-05-20 11:44:42.319--ServerSession(512053880)--Connection(2101353170)--CREATE TABLE joinrequest (ID INTEGER NOT NULL, DATETIMECREATED TIMESTAMP NOT NULL, DATETIMERESOLVED TIMESTAMP, MESSAGE VARCHAR, STATUS VARCHAR, USER_USER_ID INTEGER NOT NULL, PRIMARY KEY (ID))
[EL Fine]: sql: 2022-05-20 11:44:42.32--ServerSession(512053880)--Connection(617780474)--CREATE TABLE RACE (RACE_ID INTEGER NOT NULL, EOR_DATE date, MAXDRIVERS INTEGER NOT NULL, NAME VARCHAR NOT NULL, RACE_DATE date, CIRCUIT_ID INTEGER, ORGANIZOR_USER_ID INTEGER, PRIMARY KEY (RACE_ID))
[EL Fine]: sql: 2022-05-20 11:44:42.321--ServerSession(512053880)--Connection(551266310)--CREATE TABLE RESULT (FINISHPOS INTEGER, STARTPOS INTEGER, driver_id INTEGER NOT NULL, race_id INTEGER NOT NULL, car_id INTEGER, PRIMARY KEY (driver_id, race_id))
[EL Fine]: sql: 2022-05-20 11:44:42.322--ServerSession(512053880)--Connection(426923707)--CREATE TABLE RACE_TEAM (ID INTEGER NOT NULL, NAME VARCHAR NOT NULL UNIQUE, owner INTEGER, PRIMARY KEY (ID))
[EL Fine]: sql: 2022-05-20 11:44:42.323--ServerSession(512053880)--Connection(420973120)--CREATE TABLE membership (MEMBERSHIPSTATE VARCHAR, ROLE VARCHAR, TEAM_ID INTEGER NOT NULL, USER_USER_ID INTEGER NOT NULL, PRIMARY KEY (TEAM_ID, USER_USER_ID))
[EL Fine]: sql: 2022-05-20 11:44:42.324--ServerSession(512053880)--Connection(1237471477)--CREATE TABLE APP_USER (USER_ID INTEGER NOT NULL, AGE INTEGER NOT NULL, EMAIL VARCHAR NOT NULL, FIRSTNAME VARCHAR NOT NULL, LASTNAME VARCHAR NOT NULL, PASSWORD VARCHAR NOT NULL, ROLE VARCHAR, USERNAME VARCHAR NOT NULL UNIQUE, PRIMARY KEY (USER_ID))
[EL Fine]: sql: 2022-05-20 11:44:42.325--ServerSession(512053880)--Connection(1062299395)--CREATE TABLE race_classes (Race_RACE_ID INTEGER, classes VARCHAR NOT NULL)
[EL Fine]: sql: 2022-05-20 11:44:42.326--ServerSession(512053880)--Connection(98485926)--CREATE TABLE RACE_TEAM_joinrequest (Team_ID INTEGER NOT NULL, joinRequests_ID INTEGER NOT NULL, PRIMARY KEY (Team_ID, joinRequests_ID))
[EL Fine]: sql: 2022-05-20 11:44:42.327--ServerSession(512053880)--Connection(406951990)--ALTER TABLE RACE_CAR ADD CONSTRAINT FK_RACE_CAR_OWNER_USER_ID FOREIGN KEY (OWNER_USER_ID) REFERENCES APP_USER (USER_ID)
[EL Fine]: sql: 2022-05-20 11:44:42.333--ServerSession(512053880)--Connection(1533313390)--ALTER TABLE joinrequest ADD CONSTRAINT FK_joinrequest_USER_USER_ID FOREIGN KEY (USER_USER_ID) REFERENCES APP_USER (USER_ID)
[EL Fine]: sql: 2022-05-20 11:44:42.335--ServerSession(512053880)--Connection(257696915)--ALTER TABLE RACE ADD CONSTRAINT FK_RACE_CIRCUIT_ID FOREIGN KEY (CIRCUIT_ID) REFERENCES RACE_CIRCUIT (ID)
[EL Fine]: sql: 2022-05-20 11:44:42.337--ServerSession(512053880)--Connection(358811029)--ALTER TABLE RACE ADD CONSTRAINT FK_RACE_ORGANIZOR_USER_ID FOREIGN KEY (ORGANIZOR_USER_ID) REFERENCES APP_USER (USER_ID)
[EL Fine]: sql: 2022-05-20 11:44:42.339--ServerSession(512053880)--Connection(1762937018)--ALTER TABLE RESULT ADD CONSTRAINT FK_RESULT_car_id FOREIGN KEY (car_id) REFERENCES RACE_CAR (ID)
[EL Fine]: sql: 2022-05-20 11:44:42.34--ServerSession(512053880)--Connection(1676003201)--ALTER TABLE RESULT ADD CONSTRAINT FK_RESULT_driver_id FOREIGN KEY (driver_id) REFERENCES APP_USER (USER_ID)
[EL Fine]: sql: 2022-05-20 11:44:42.341--ServerSession(512053880)--Connection(1782113655)--ALTER TABLE RESULT ADD CONSTRAINT FK_RESULT_race_id FOREIGN KEY (race_id) REFERENCES RACE (RACE_ID)
[EL Fine]: sql: 2022-05-20 11:44:42.343--ServerSession(512053880)--Connection(610082680)--ALTER TABLE RACE_TEAM ADD CONSTRAINT FK_RACE_TEAM_owner FOREIGN KEY (owner) REFERENCES APP_USER (USER_ID)
[EL Fine]: sql: 2022-05-20 11:44:42.344--ServerSession(512053880)--Connection(368594189)--ALTER TABLE membership ADD CONSTRAINT FK_membership_USER_USER_ID FOREIGN KEY (USER_USER_ID) REFERENCES APP_USER (USER_ID)
[EL Fine]: sql: 2022-05-20 11:44:42.346--ServerSession(512053880)--Connection(1664452882)--ALTER TABLE membership ADD CONSTRAINT FK_membership_TEAM_ID FOREIGN KEY (TEAM_ID) REFERENCES RACE_TEAM (ID)
[EL Fine]: sql: 2022-05-20 11:44:42.347--ServerSession(512053880)--Connection(1368573788)--ALTER TABLE race_classes ADD CONSTRAINT FK_race_classes_Race_RACE_ID FOREIGN KEY (Race_RACE_ID) REFERENCES RACE (RACE_ID)
[EL Fine]: sql: 2022-05-20 11:44:42.348--ServerSession(512053880)--Connection(126031304)--ALTER TABLE RACE_TEAM_joinrequest ADD CONSTRAINT FK_RACE_TEAM_joinrequest_joinRequests_ID FOREIGN KEY (joinRequests_ID) REFERENCES joinrequest (ID)
[EL Fine]: sql: 2022-05-20 11:44:42.349--ServerSession(512053880)--Connection(1219179910)--ALTER TABLE RACE_TEAM_joinrequest ADD CONSTRAINT FK_RACE_TEAM_joinrequest_Team_ID FOREIGN KEY (Team_ID) REFERENCES RACE_TEAM (ID)
[EL Fine]: sql: 2022-05-20 11:44:42.351--ServerSession(512053880)--Connection(732858513)--CREATE TABLE SEQUENCE (SEQ_NAME VARCHAR(50) NOT NULL, SEQ_COUNT NUMERIC(38), PRIMARY KEY (SEQ_NAME))
[EL Fine]: sql: 2022-05-20 11:44:42.352--ServerSession(512053880)--Connection(1777813206)--DELETE FROM SEQUENCE WHERE SEQ_NAME = 'SEQ_GEN'
[EL Fine]: sql: 2022-05-20 11:44:42.354--ServerSession(512053880)--Connection(1927284607)--SELECT * FROM SEQUENCE WHERE SEQ_NAME = 'SEQ_GEN'
[EL Fine]: sql: 2022-05-20 11:44:42.363--ServerSession(512053880)--Connection(1199051071)--INSERT INTO SEQUENCE(SEQ_NAME, SEQ_COUNT) values ('SEQ_GEN', 0)
[EL Fine]: sql: 2022-05-20 11:44:42.401--ClientSession(1379532549)--Connection(11177655)--SELECT USER_ID, AGE, EMAIL, FIRSTNAME, LASTNAME, PASSWORD, ROLE, USERNAME FROM APP_USER WHERE (USERNAME = ?)
	bind => [admin]
20-05-2022 11:44:42.404 [main] INFO  c.c.k.e.r.s.SystemInitializer - Generated admin user with credentials admin/adm1n
[EL Fine]: sql: 2022-05-20 11:44:42.465--ClientSession(1379532549)--Connection(11177655)--UPDATE SEQUENCE SET SEQ_COUNT = SEQ_COUNT + ? WHERE SEQ_NAME = ?
	bind => [50, SEQ_GEN]
[EL Fine]: sql: 2022-05-20 11:44:42.468--ClientSession(1379532549)--Connection(11177655)--SELECT SEQ_COUNT FROM SEQUENCE WHERE SEQ_NAME = ?
	bind => [SEQ_GEN]
[EL Fine]: sql: 2022-05-20 11:44:42.475--ClientSession(1379532549)--Connection(11177655)--INSERT INTO APP_USER (USER_ID, AGE, EMAIL, FIRSTNAME, LASTNAME, PASSWORD, ROLE, USERNAME) VALUES (?, ?, ?, ?, ?, ?, ?, ?)
	bind => [1, 0, none, System, Administrator, $2a$10$BJYpTCfxN.suYBj8Ijpk/uWk61j4frE9lOrTnoLbXJod3.XrILDSa, ADMIN, admin]
20-05-2022 11:44:42.591 [main] INFO  o.s.s.w.DefaultSecurityFilterChain - Creating filter chain: Ant [pattern='/'], []
20-05-2022 11:44:42.591 [main] INFO  o.s.s.w.DefaultSecurityFilterChain - Creating filter chain: Ant [pattern='/login'], []
20-05-2022 11:44:42.591 [main] INFO  o.s.s.w.DefaultSecurityFilterChain - Creating filter chain: Ant [pattern='/upcomingraces'], []
20-05-2022 11:44:42.661 [main] INFO  o.s.s.w.DefaultSecurityFilterChain - Creating filter chain: any request, [org.springframework.security.web.context.request.async.WebAsyncManagerIntegrationFilter@4cdcb16d, org.springframework.security.web.context.SecurityContextPersistenceFilter@261f702, org.springframework.security.web.header.HeaderWriterFilter@77e963e6, org.springframework.security.web.authentication.logout.LogoutFilter@2038d725, org.springframework.security.web.authentication.UsernamePasswordAuthenticationFilter@637a1827, org.springframework.security.web.session.ConcurrentSessionFilter@7bc73224, org.springframework.security.web.savedrequest.RequestCacheAwareFilter@1e3ff97d, org.springframework.security.web.servletapi.SecurityContextHolderAwareRequestFilter@78e7253, org.springframework.security.web.authentication.AnonymousAuthenticationFilter@310d9a8a, org.springframework.security.web.session.SessionManagementFilter@82fb0de, org.springframework.security.web.access.ExceptionTranslationFilter@d0c2453, org.springframework.security.web.access.intercept.FilterSecurityInterceptor@5d66fba2]
20-05-2022 11:44:42.721 [main] INFO  c.c.k.ear.race.dao.RaceDaoTest - Started RaceDaoTest in 2.615 seconds (JVM running for 3.746)
20-05-2022 11:44:42.737 [main] INFO  o.s.t.c.t.TransactionContext - Began transaction (1) for test context [DefaultTestContext@7f6da9a6 testClass = RaceDaoTest, testInstance = cz.cvut.kbss.ear.race.dao.RaceDaoTest@5741c2e9, testMethod = findAllByCircuitReturnRacesOnSpecificCircuit@RaceDaoTest, testException = [null], mergedContextConfiguration = [MergedContextConfiguration@114d741b testClass = RaceDaoTest, locations = '{}', classes = '{class cz.cvut.kbss.ear.race.config.PersistenceConfig}', contextInitializerClasses = '[]', activeProfiles = '{}', propertySourceLocations = '{}', propertySourceProperties = '{org.springframework.boot.test.autoconfigure.orm.jpa.DataJpaTestContextBootstrapper=true}', contextCustomizers = set[[ImportsContextCustomizer@1df01f42 key = [@org.springframework.boot.test.autoconfigure.orm.jpa.AutoConfigureDataJpa(), @org.springframework.boot.test.autoconfigure.orm.jpa.AutoConfigureTestEntityManager(), @org.springframework.transaction.annotation.EnableTransactionManagement(mode=PROXY, order=2147483647, proxyTargetClass=false), @org.junit.jupiter.api.extension.ExtendWith(value=[class org.springframework.test.context.junit.jupiter.SpringExtension]), @org.apiguardian.api.API(consumers=[*], since=5.0, status=STABLE), @org.springframework.transaction.annotation.Transactional(propagation=REQUIRED, rollbackForClassName=[], readOnly=false, transactionManager=txManager, isolation=DEFAULT, noRollbackForClassName=[], noRollbackFor=[], value=, timeout=-1, rollbackFor=[]), @org.springframework.boot.test.autoconfigure.properties.PropertyMapping(value=spring.test.database, skip=NO), @org.springframework.test.context.ContextConfiguration(inheritInitializers=true, loader=interface org.springframework.test.context.ContextLoader, initializers=[], classes=[class cz.cvut.kbss.ear.race.config.PersistenceConfig], name=, locations=[], value=[], inheritLocations=true), @org.springframework.context.annotation.Import(value=[class org.springframework.transaction.annotation.TransactionManagementConfigurationSelector]), @org.springframework.context.annotation.ComponentScan(scopeResolver=class org.springframework.context.annotation.AnnotationScopeMetadataResolver, lazyInit=false, resourcePattern=**/*.class, useDefaultFilters=true, excludeFilters=[], scopedProxy=DEFAULT, basePackageClasses=[class cz.cvut.kbss.ear.race.RacingOrgApp], nameGenerator=interface org.springframework.beans.factory.support.BeanNameGenerator, basePackages=[], value=[], includeFilters=[]), @org.springframework.context.annotation.EnableAspectJAutoProxy(proxyTargetClass=true, exposeProxy=false), @org.springframework.test.annotation.DirtiesContext(methodMode=AFTER_METHOD, hierarchyMode=EXHAUSTIVE, classMode=AFTER_EACH_TEST_METHOD), @org.springframework.test.context.BootstrapWith(value=class org.springframework.boot.test.autoconfigure.orm.jpa.DataJpaTestContextBootstrapper), @org.springframework.boot.autoconfigure.ImportAutoConfiguration(value=[], exclude=[], classes=[]), @org.junit.runner.RunWith(value=class org.springframework.test.context.junit4.SpringJUnit4ClassRunner), @org.springframework.boot.test.autoconfigure.core.AutoConfigureCache(cacheProvider=NONE), @org.springframework.context.annotation.Import(value=[class org.springframework.boot.autoconfigure.ImportAutoConfigurationImportSelector]), @org.springframework.boot.test.autoconfigure.orm.jpa.DataJpaTest(bootstrapMode=LAZY, useDefaultFilters=true, excludeFilters=[], excludeAutoConfiguration=[], showSql=true, includeFilters=[], properties=[]), @org.springframework.boot.test.autoconfigure.OverrideAutoConfiguration(enabled=false), @org.springframework.boot.test.autoconfigure.filter.TypeExcludeFilters(value=[class org.springframework.boot.test.autoconfigure.orm.jpa.DataJpaTypeExcludeFilter]), @org.springframework.boot.test.autoconfigure.jdbc.AutoConfigureTestDatabase(replace=ANY, connection=NONE), @org.springframework.context.annotation.Import(value=[class org.springframework.context.annotation.AspectJAutoProxyRegistrar]), @org.springframework.transaction.annotation.Transactional(propagation=REQUIRED, rollbackForClassName=[], readOnly=false, transactionManager=, isolation=DEFAULT, noRollbackForClassName=[], noRollbackFor=[], value=, timeout=-1, rollbackFor=[])]], org.springframework.boot.test.context.filter.ExcludeFilterContextCustomizer@160e99e0, org.springframework.boot.test.json.DuplicateJsonObjectContextCustomizerFactory$DuplicateJsonObjectContextCustomizer@4e0cc334, org.springframework.boot.test.mock.mockito.MockitoContextCustomizer@0, org.springframework.boot.test.autoconfigure.OverrideAutoConfigurationContextCustomizerFactory$DisableAutoConfigurationContextCustomizer@66ec4409, org.springframework.boot.test.autoconfigure.filter.TypeExcludeFiltersContextCustomizer@351584c0, org.springframework.boot.test.autoconfigure.properties.PropertyMappingContextCustomizer@166455a9, org.springframework.boot.test.autoconfigure.web.servlet.WebDriverContextCustomizerFactory$Customizer@2f3928ac, org.springframework.boot.test.context.SpringBootTestArgs@1], contextLoader = 'org.springframework.boot.test.context.SpringBootContextLoader', parent = [null]], attributes = map[[empty]]]; transaction manager [org.springframework.orm.jpa.JpaTransactionManager@56e59aef]; rollback [true]
[EL Fine]: sql: 2022-05-20 11:44:42.863--ClientSession(720166233)--Connection(1130823145)--INSERT INTO RACE_CIRCUIT (ID, LOCATION, NAME) VALUES (?, ?, ?)
	bind => [2, Italy, Autodromo Nazionale Monza]
[EL Fine]: sql: 2022-05-20 11:44:42.863--ClientSession(720166233)--Connection(1130823145)--INSERT INTO RACE_CIRCUIT (ID, LOCATION, NAME) VALUES (?, ?, ?)
	bind => [3, Belgium, Circuit de Spa-Francorchamps]
[EL Fine]: sql: 2022-05-20 11:44:42.863--ClientSession(720166233)--Connection(1130823145)--INSERT INTO RACE (RACE_ID, EOR_DATE, MAXDRIVERS, NAME, RACE_DATE, CIRCUIT_ID, ORGANIZOR_USER_ID) VALUES (?, ?, ?, ?, ?, ?, ?)
	bind => [7, null, null, Race 1496578618, null, 3, null]
[EL Fine]: sql: 2022-05-20 11:44:42.864--ClientSession(720166233)--SELECT 1
[EL Warning]: 2022-05-20 11:44:42.864--UnitOfWork(566625540)--Exception [EclipseLink-4002] (Eclipse Persistence Services - 2.7.7.v20200504-69f2c2b80d): org.eclipse.persistence.exceptions.DatabaseException
Internal Exception: org.h2.jdbc.JdbcSQLIntegrityConstraintViolationException: Pro sloupec "MAXDRIVERS" není hodnota NULL povolena
NULL not allowed for column "MAXDRIVERS"; SQL statement:
INSERT INTO RACE (RACE_ID, EOR_DATE, MAXDRIVERS, NAME, RACE_DATE, CIRCUIT_ID, ORGANIZOR_USER_ID) VALUES (?, ?, ?, ?, ?, ?, ?) [23502-200]
Error Code: 23502
Call: INSERT INTO RACE (RACE_ID, EOR_DATE, MAXDRIVERS, NAME, RACE_DATE, CIRCUIT_ID, ORGANIZOR_USER_ID) VALUES (?, ?, ?, ?, ?, ?, ?)
	bind => [7, null, null, Race 1496578618, null, 3, null]
Query: InsertObjectQuery(cz.cvut.kbss.ear.race.model.Race@76280e6)
20-05-2022 11:44:42.871 [main] INFO  o.s.t.c.t.TransactionContext - Rolled back transaction for test: [DefaultTestContext@7f6da9a6 testClass = RaceDaoTest, testInstance = cz.cvut.kbss.ear.race.dao.RaceDaoTest@5741c2e9, testMethod = findAllByCircuitReturnRacesOnSpecificCircuit@RaceDaoTest, testException = javax.persistence.PersistenceException: Exception [EclipseLink-4002] (Eclipse Persistence Services - 2.7.7.v20200504-69f2c2b80d): org.eclipse.persistence.exceptions.DatabaseException
Internal Exception: org.h2.jdbc.JdbcSQLIntegrityConstraintViolationException: Pro sloupec "MAXDRIVERS" není hodnota NULL povolena
NULL not allowed for column "MAXDRIVERS"; SQL statement:
INSERT INTO RACE (RACE_ID, EOR_DATE, MAXDRIVERS, NAME, RACE_DATE, CIRCUIT_ID, ORGANIZOR_USER_ID) VALUES (?, ?, ?, ?, ?, ?, ?) [23502-200]
Error Code: 23502
Call: INSERT INTO RACE (RACE_ID, EOR_DATE, MAXDRIVERS, NAME, RACE_DATE, CIRCUIT_ID, ORGANIZOR_USER_ID) VALUES (?, ?, ?, ?, ?, ?, ?)
	bind => [7, null, null, Race 1496578618, null, 3, null]
Query: InsertObjectQuery(cz.cvut.kbss.ear.race.model.Race@76280e6), mergedContextConfiguration = [MergedContextConfiguration@114d741b testClass = RaceDaoTest, locations = '{}', classes = '{class cz.cvut.kbss.ear.race.config.PersistenceConfig}', contextInitializerClasses = '[]', activeProfiles = '{}', propertySourceLocations = '{}', propertySourceProperties = '{org.springframework.boot.test.autoconfigure.orm.jpa.DataJpaTestContextBootstrapper=true}', contextCustomizers = set[[ImportsContextCustomizer@1df01f42 key = [@org.springframework.boot.test.autoconfigure.orm.jpa.AutoConfigureDataJpa(), @org.springframework.boot.test.autoconfigure.orm.jpa.AutoConfigureTestEntityManager(), @org.springframework.transaction.annotation.EnableTransactionManagement(mode=PROXY, order=2147483647, proxyTargetClass=false), @org.junit.jupiter.api.extension.ExtendWith(value=[class org.springframework.test.context.junit.jupiter.SpringExtension]), @org.apiguardian.api.API(consumers=[*], since=5.0, status=STABLE), @org.springframework.transaction.annotation.Transactional(propagation=REQUIRED, rollbackForClassName=[], readOnly=false, transactionManager=txManager, isolation=DEFAULT, noRollbackForClassName=[], noRollbackFor=[], value=, timeout=-1, rollbackFor=[]), @org.springframework.boot.test.autoconfigure.properties.PropertyMapping(value=spring.test.database, skip=NO), @org.springframework.test.context.ContextConfiguration(inheritInitializers=true, loader=interface org.springframework.test.context.ContextLoader, initializers=[], classes=[class cz.cvut.kbss.ear.race.config.PersistenceConfig], name=, locations=[], value=[], inheritLocations=true), @org.springframework.context.annotation.Import(value=[class org.springframework.transaction.annotation.TransactionManagementConfigurationSelector]), @org.springframework.context.annotation.ComponentScan(scopeResolver=class org.springframework.context.annotation.AnnotationScopeMetadataResolver, lazyInit=false, resourcePattern=**/*.class, useDefaultFilters=true, excludeFilters=[], scopedProxy=DEFAULT, basePackageClasses=[class cz.cvut.kbss.ear.race.RacingOrgApp], nameGenerator=interface org.springframework.beans.factory.support.BeanNameGenerator, basePackages=[], value=[], includeFilters=[]), @org.springframework.context.annotation.EnableAspectJAutoProxy(proxyTargetClass=true, exposeProxy=false), @org.springframework.test.annotation.DirtiesContext(methodMode=AFTER_METHOD, hierarchyMode=EXHAUSTIVE, classMode=AFTER_EACH_TEST_METHOD), @org.springframework.test.context.BootstrapWith(value=class org.springframework.boot.test.autoconfigure.orm.jpa.DataJpaTestContextBootstrapper), @org.springframework.boot.autoconfigure.ImportAutoConfiguration(value=[], exclude=[], classes=[]), @org.junit.runner.RunWith(value=class org.springframework.test.context.junit4.SpringJUnit4ClassRunner), @org.springframework.boot.test.autoconfigure.core.AutoConfigureCache(cacheProvider=NONE), @org.springframework.context.annotation.Import(value=[class org.springframework.boot.autoconfigure.ImportAutoConfigurationImportSelector]), @org.springframework.boot.test.autoconfigure.orm.jpa.DataJpaTest(bootstrapMode=LAZY, useDefaultFilters=true, excludeFilters=[], excludeAutoConfiguration=[], showSql=true, includeFilters=[], properties=[]), @org.springframework.boot.test.autoconfigure.OverrideAutoConfiguration(enabled=false), @org.springframework.boot.test.autoconfigure.filter.TypeExcludeFilters(value=[class org.springframework.boot.test.autoconfigure.orm.jpa.DataJpaTypeExcludeFilter]), @org.springframework.boot.test.autoconfigure.jdbc.AutoConfigureTestDatabase(replace=ANY, connection=NONE), @org.springframework.context.annotation.Import(value=[class org.springframework.context.annotation.AspectJAutoProxyRegistrar]), @org.springframework.transaction.annotation.Transactional(propagation=REQUIRED, rollbackForClassName=[], readOnly=false, transactionManager=, isolation=DEFAULT, noRollbackForClassName=[], noRollbackFor=[], value=, timeout=-1, rollbackFor=[])]], org.springframework.boot.test.context.filter.ExcludeFilterContextCustomizer@160e99e0, org.springframework.boot.test.json.DuplicateJsonObjectContextCustomizerFactory$DuplicateJsonObjectContextCustomizer@4e0cc334, org.springframework.boot.test.mock.mockito.MockitoContextCustomizer@0, org.springframework.boot.test.autoconfigure.OverrideAutoConfigurationContextCustomizerFactory$DisableAutoConfigurationContextCustomizer@66ec4409, org.springframework.boot.test.autoconfigure.filter.TypeExcludeFiltersContextCustomizer@351584c0, org.springframework.boot.test.autoconfigure.properties.PropertyMappingContextCustomizer@166455a9, org.springframework.boot.test.autoconfigure.web.servlet.WebDriverContextCustomizerFactory$Customizer@2f3928ac, org.springframework.boot.test.context.SpringBootTestArgs@1], contextLoader = 'org.springframework.boot.test.context.SpringBootContextLoader', parent = [null]], attributes = map[[empty]]]
20-05-2022 11:44:42.873 [main] INFO  o.s.o.j.LocalContainerEntityManagerFactoryBean - Closing JPA EntityManagerFactory for persistence unit 'default'
]]></system-out>
  </testcase>
</testsuite>